{"C:\\Users\\Катя\\dev\\stellar-burgers\\src\\services\\store.ts": {"path":"C:\\Users\\Катя\\dev\\stellar-burgers\\src\\services\\store.ts","all":false,"statementMap":{"0":{"start":{"line":1,"column":0},"end":{"line":1,"column":50}},"1":{"start":{"line":2,"column":0},"end":{"line":2,"column":0}},"2":{"start":{"line":3,"column":0},"end":{"line":3,"column":8}},"3":{"start":{"line":4,"column":0},"end":{"line":4,"column":23}},"4":{"start":{"line":5,"column":0},"end":{"line":5,"column":30}},"5":{"start":{"line":6,"column":0},"end":{"line":6,"column":29}},"6":{"start":{"line":7,"column":0},"end":{"line":7,"column":21}},"7":{"start":{"line":8,"column":0},"end":{"line":8,"column":71}},"8":{"start":{"line":9,"column":0},"end":{"line":9,"column":68}},"9":{"start":{"line":10,"column":0},"end":{"line":10,"column":64}},"10":{"start":{"line":11,"column":0},"end":{"line":11,"column":52}},"11":{"start":{"line":12,"column":0},"end":{"line":12,"column":66}},"12":{"start":{"line":13,"column":0},"end":{"line":13,"column":56}},"13":{"start":{"line":14,"column":0},"end":{"line":14,"column":54}},"14":{"start":{"line":15,"column":0},"end":{"line":15,"column":56}},"15":{"start":{"line":16,"column":0},"end":{"line":16,"column":52}},"16":{"start":{"line":17,"column":0},"end":{"line":17,"column":50}},"17":{"start":{"line":18,"column":0},"end":{"line":18,"column":48}},"18":{"start":{"line":19,"column":0},"end":{"line":19,"column":64}},"19":{"start":{"line":20,"column":0},"end":{"line":20,"column":58}},"20":{"start":{"line":21,"column":0},"end":{"line":21,"column":60}},"21":{"start":{"line":22,"column":0},"end":{"line":22,"column":62}},"22":{"start":{"line":23,"column":0},"end":{"line":23,"column":0}},"23":{"start":{"line":24,"column":0},"end":{"line":24,"column":21}},"24":{"start":{"line":25,"column":0},"end":{"line":25,"column":34}},"25":{"start":{"line":26,"column":0},"end":{"line":26,"column":43}},"26":{"start":{"line":27,"column":0},"end":{"line":27,"column":39}},"27":{"start":{"line":28,"column":0},"end":{"line":28,"column":27}},"28":{"start":{"line":29,"column":0},"end":{"line":29,"column":41}},"29":{"start":{"line":30,"column":0},"end":{"line":30,"column":31}},"30":{"start":{"line":31,"column":0},"end":{"line":31,"column":26}},"31":{"start":{"line":32,"column":0},"end":{"line":32,"column":28}},"32":{"start":{"line":33,"column":0},"end":{"line":33,"column":26}},"33":{"start":{"line":34,"column":0},"end":{"line":34,"column":24}},"34":{"start":{"line":35,"column":0},"end":{"line":35,"column":22}},"35":{"start":{"line":36,"column":0},"end":{"line":36,"column":39}},"36":{"start":{"line":37,"column":0},"end":{"line":37,"column":31}},"37":{"start":{"line":38,"column":0},"end":{"line":38,"column":35}},"38":{"start":{"line":39,"column":0},"end":{"line":39,"column":36}},"39":{"start":{"line":40,"column":0},"end":{"line":40,"column":2}},"40":{"start":{"line":41,"column":0},"end":{"line":41,"column":0}},"41":{"start":{"line":42,"column":0},"end":{"line":42,"column":30}},"42":{"start":{"line":43,"column":0},"end":{"line":43,"column":23}},"43":{"start":{"line":44,"column":0},"end":{"line":44,"column":49}},"44":{"start":{"line":45,"column":0},"end":{"line":45,"column":3}},"45":{"start":{"line":46,"column":0},"end":{"line":46,"column":0}},"46":{"start":{"line":47,"column":0},"end":{"line":47,"column":58}},"47":{"start":{"line":48,"column":0},"end":{"line":48,"column":0}},"48":{"start":{"line":49,"column":0},"end":{"line":49,"column":48}},"49":{"start":{"line":50,"column":0},"end":{"line":50,"column":0}},"50":{"start":{"line":51,"column":0},"end":{"line":51,"column":67}},"51":{"start":{"line":52,"column":0},"end":{"line":52,"column":73}},"52":{"start":{"line":53,"column":0},"end":{"line":53,"column":0}},"53":{"start":{"line":54,"column":0},"end":{"line":54,"column":21}}},"s":{"0":1,"1":1,"2":1,"3":1,"4":1,"5":1,"6":1,"7":1,"8":1,"9":1,"10":1,"11":1,"12":1,"13":1,"14":1,"15":1,"16":1,"17":1,"18":1,"19":1,"20":1,"21":1,"22":1,"23":1,"24":1,"25":1,"26":1,"27":1,"28":1,"29":1,"30":1,"31":1,"32":1,"33":1,"34":1,"35":1,"36":1,"37":1,"38":1,"39":1,"40":1,"41":1,"42":1,"43":1,"44":1,"45":1,"46":1,"47":1,"48":1,"49":1,"50":1,"51":1,"52":1,"53":1},"branchMap":{},"b":{},"fnMap":{"0":{"name":"useDispatch","decl":{"start":{"line":51,"column":46},"end":{"line":51,"column":64}},"loc":{"start":{"line":51,"column":46},"end":{"line":51,"column":64}},"line":51}},"f":{"0":0}}
,"C:\\Users\\Катя\\dev\\stellar-burgers\\src\\slices\\addFeedSlice.ts": {"path":"C:\\Users\\Катя\\dev\\stellar-burgers\\src\\slices\\addFeedSlice.ts","all":false,"statementMap":{"0":{"start":{"line":1,"column":0},"end":{"line":1,"column":35}},"1":{"start":{"line":2,"column":0},"end":{"line":2,"column":65}},"2":{"start":{"line":3,"column":0},"end":{"line":3,"column":38}},"3":{"start":{"line":4,"column":0},"end":{"line":4,"column":0}},"4":{"start":{"line":5,"column":0},"end":{"line":5,"column":21}},"5":{"start":{"line":6,"column":0},"end":{"line":6,"column":23}},"6":{"start":{"line":7,"column":0},"end":{"line":7,"column":9}},"7":{"start":{"line":8,"column":0},"end":{"line":8,"column":18}},"8":{"start":{"line":9,"column":0},"end":{"line":9,"column":23}},"9":{"start":{"line":10,"column":0},"end":{"line":10,"column":4}},"10":{"start":{"line":11,"column":0},"end":{"line":11,"column":27}},"11":{"start":{"line":12,"column":0},"end":{"line":12,"column":23}},"12":{"start":{"line":13,"column":0},"end":{"line":13,"column":1}},"13":{"start":{"line":14,"column":0},"end":{"line":14,"column":0}},"14":{"start":{"line":15,"column":0},"end":{"line":15,"column":33}},"15":{"start":{"line":16,"column":0},"end":{"line":16,"column":17}},"16":{"start":{"line":17,"column":0},"end":{"line":17,"column":9}},"17":{"start":{"line":18,"column":0},"end":{"line":18,"column":13}},"18":{"start":{"line":19,"column":0},"end":{"line":19,"column":17}},"19":{"start":{"line":20,"column":0},"end":{"line":20,"column":4}},"20":{"start":{"line":21,"column":0},"end":{"line":21,"column":24}},"21":{"start":{"line":22,"column":0},"end":{"line":22,"column":13}},"22":{"start":{"line":23,"column":0},"end":{"line":23,"column":2}},"23":{"start":{"line":24,"column":0},"end":{"line":24,"column":0}},"24":{"start":{"line":25,"column":0},"end":{"line":25,"column":80}},"25":{"start":{"line":26,"column":0},"end":{"line":26,"column":36}},"26":{"start":{"line":27,"column":0},"end":{"line":27,"column":10}},"27":{"start":{"line":28,"column":0},"end":{"line":28,"column":25}},"28":{"start":{"line":29,"column":0},"end":{"line":29,"column":11}},"29":{"start":{"line":30,"column":0},"end":{"line":30,"column":25}},"30":{"start":{"line":31,"column":0},"end":{"line":31,"column":34}},"31":{"start":{"line":32,"column":0},"end":{"line":32,"column":5}},"32":{"start":{"line":33,"column":0},"end":{"line":33,"column":4}},"33":{"start":{"line":34,"column":0},"end":{"line":34,"column":3}},"34":{"start":{"line":35,"column":0},"end":{"line":35,"column":0}},"35":{"start":{"line":36,"column":0},"end":{"line":36,"column":34}},"36":{"start":{"line":37,"column":0},"end":{"line":37,"column":19}},"37":{"start":{"line":38,"column":0},"end":{"line":38,"column":15}},"38":{"start":{"line":39,"column":0},"end":{"line":39,"column":15}},"39":{"start":{"line":40,"column":0},"end":{"line":40,"column":31}},"40":{"start":{"line":41,"column":0},"end":{"line":41,"column":11}},"41":{"start":{"line":42,"column":0},"end":{"line":42,"column":46}},"42":{"start":{"line":43,"column":0},"end":{"line":43,"column":37}},"43":{"start":{"line":44,"column":0},"end":{"line":44,"column":27}},"44":{"start":{"line":45,"column":0},"end":{"line":45,"column":8}},"45":{"start":{"line":46,"column":0},"end":{"line":46,"column":56}},"46":{"start":{"line":47,"column":0},"end":{"line":47,"column":48}},"47":{"start":{"line":48,"column":0},"end":{"line":48,"column":34}},"48":{"start":{"line":49,"column":0},"end":{"line":49,"column":38}},"49":{"start":{"line":50,"column":0},"end":{"line":50,"column":48}},"50":{"start":{"line":51,"column":0},"end":{"line":51,"column":38}},"51":{"start":{"line":52,"column":0},"end":{"line":52,"column":8}},"52":{"start":{"line":53,"column":0},"end":{"line":53,"column":55}},"53":{"start":{"line":54,"column":0},"end":{"line":54,"column":38}},"54":{"start":{"line":55,"column":0},"end":{"line":55,"column":69}},"55":{"start":{"line":56,"column":0},"end":{"line":56,"column":9}},"56":{"start":{"line":57,"column":0},"end":{"line":57,"column":3}},"57":{"start":{"line":58,"column":0},"end":{"line":58,"column":3}},"58":{"start":{"line":59,"column":0},"end":{"line":59,"column":0}},"59":{"start":{"line":60,"column":0},"end":{"line":60,"column":36}}},"s":{"0":1,"1":1,"2":1,"3":1,"4":1,"5":1,"6":1,"7":1,"8":1,"9":1,"10":1,"11":1,"12":1,"13":1,"14":1,"15":1,"16":1,"17":1,"18":1,"19":1,"20":1,"21":1,"22":1,"23":1,"24":1,"25":3,"26":3,"27":3,"28":3,"29":3,"30":3,"31":3,"32":3,"33":1,"34":1,"35":1,"36":1,"37":1,"38":1,"39":1,"40":2,"41":2,"42":3,"43":3,"44":2,"45":2,"46":1,"47":1,"48":1,"49":1,"50":1,"51":2,"52":2,"53":1,"54":1,"55":2,"56":2,"57":1,"58":1,"59":1},"branchMap":{"0":{"type":"branch","line":25,"loc":{"start":{"line":25,"column":67},"end":{"line":34,"column":2}},"locations":[{"start":{"line":25,"column":67},"end":{"line":34,"column":2}}]},"1":{"type":"branch","line":25,"loc":{"start":{"line":25,"column":67},"end":{"line":34,"column":2}},"locations":[{"start":{"line":25,"column":67},"end":{"line":34,"column":2}}]},"2":{"type":"branch","line":26,"loc":{"start":{"line":26,"column":16},"end":{"line":26,"column":36}},"locations":[{"start":{"line":26,"column":16},"end":{"line":26,"column":36}}]},"3":{"type":"branch","line":40,"loc":{"start":{"line":40,"column":17},"end":{"line":57,"column":3}},"locations":[{"start":{"line":40,"column":17},"end":{"line":57,"column":3}}]},"4":{"type":"branch","line":42,"loc":{"start":{"line":42,"column":34},"end":{"line":45,"column":7}},"locations":[{"start":{"line":42,"column":34},"end":{"line":45,"column":7}}]},"5":{"type":"branch","line":46,"loc":{"start":{"line":46,"column":36},"end":{"line":52,"column":7}},"locations":[{"start":{"line":46,"column":36},"end":{"line":52,"column":7}}]},"6":{"type":"branch","line":53,"loc":{"start":{"line":53,"column":35},"end":{"line":56,"column":7}},"locations":[{"start":{"line":53,"column":35},"end":{"line":56,"column":7}}]},"7":{"type":"branch","line":55,"loc":{"start":{"line":55,"column":42},"end":{"line":55,"column":68}},"locations":[{"start":{"line":55,"column":42},"end":{"line":55,"column":68}}]}},"b":{"0":[3],"1":[3],"2":[3],"3":[2],"4":[3],"5":[1],"6":[1],"7":[0]},"fnMap":{"0":{"name":"extraReducers","decl":{"start":{"line":40,"column":17},"end":{"line":57,"column":3}},"loc":{"start":{"line":40,"column":17},"end":{"line":57,"column":3}},"line":40}},"f":{"0":2}}
,"C:\\Users\\Катя\\dev\\stellar-burgers\\src\\slices\\addIngredientSlice.ts": {"path":"C:\\Users\\Катя\\dev\\stellar-burgers\\src\\slices\\addIngredientSlice.ts","all":false,"statementMap":{"0":{"start":{"line":1,"column":0},"end":{"line":1,"column":62}},"1":{"start":{"line":2,"column":0},"end":{"line":2,"column":35}},"2":{"start":{"line":3,"column":0},"end":{"line":3,"column":43}},"3":{"start":{"line":4,"column":0},"end":{"line":4,"column":0}},"4":{"start":{"line":5,"column":0},"end":{"line":5,"column":30}},"5":{"start":{"line":6,"column":0},"end":{"line":6,"column":6}},"6":{"start":{"line":7,"column":0},"end":{"line":7,"column":7}},"7":{"start":{"line":8,"column":0},"end":{"line":8,"column":20}},"8":{"start":{"line":9,"column":0},"end":{"line":9,"column":28}},"9":{"start":{"line":10,"column":0},"end":{"line":10,"column":29}},"10":{"start":{"line":11,"column":0},"end":{"line":11,"column":22}},"11":{"start":{"line":12,"column":0},"end":{"line":12,"column":7}},"12":{"start":{"line":13,"column":0},"end":{"line":13,"column":16}},"13":{"start":{"line":14,"column":0},"end":{"line":14,"column":32}},"14":{"start":{"line":15,"column":0},"end":{"line":15,"column":23}},"15":{"start":{"line":16,"column":0},"end":{"line":16,"column":1}},"16":{"start":{"line":17,"column":0},"end":{"line":17,"column":0}},"17":{"start":{"line":18,"column":0},"end":{"line":18,"column":42}},"18":{"start":{"line":19,"column":0},"end":{"line":19,"column":17}},"19":{"start":{"line":20,"column":0},"end":{"line":20,"column":21}},"20":{"start":{"line":21,"column":0},"end":{"line":21,"column":13}},"21":{"start":{"line":22,"column":0},"end":{"line":22,"column":2}},"22":{"start":{"line":23,"column":0},"end":{"line":23,"column":0}},"23":{"start":{"line":24,"column":0},"end":{"line":24,"column":40}},"24":{"start":{"line":25,"column":0},"end":{"line":25,"column":25}},"25":{"start":{"line":26,"column":0},"end":{"line":26,"column":15}},"26":{"start":{"line":27,"column":0},"end":{"line":27,"column":13}},"27":{"start":{"line":28,"column":0},"end":{"line":28,"column":26}},"28":{"start":{"line":29,"column":0},"end":{"line":29,"column":65}},"29":{"start":{"line":30,"column":0},"end":{"line":30,"column":29}},"30":{"start":{"line":31,"column":0},"end":{"line":31,"column":46}},"31":{"start":{"line":32,"column":0},"end":{"line":32,"column":25}},"32":{"start":{"line":33,"column":0},"end":{"line":33,"column":38}},"33":{"start":{"line":34,"column":0},"end":{"line":34,"column":40}},"34":{"start":{"line":35,"column":0},"end":{"line":35,"column":42}},"35":{"start":{"line":36,"column":0},"end":{"line":36,"column":41}},"36":{"start":{"line":37,"column":0},"end":{"line":37,"column":14}},"37":{"start":{"line":38,"column":0},"end":{"line":38,"column":18}},"38":{"start":{"line":39,"column":0},"end":{"line":39,"column":54}},"39":{"start":{"line":40,"column":0},"end":{"line":40,"column":11}},"40":{"start":{"line":41,"column":0},"end":{"line":41,"column":9}},"41":{"start":{"line":42,"column":0},"end":{"line":42,"column":8}},"42":{"start":{"line":43,"column":0},"end":{"line":43,"column":40}},"43":{"start":{"line":44,"column":0},"end":{"line":44,"column":59}},"44":{"start":{"line":45,"column":0},"end":{"line":45,"column":7}},"45":{"start":{"line":46,"column":0},"end":{"line":46,"column":6}},"46":{"start":{"line":47,"column":0},"end":{"line":47,"column":29}},"47":{"start":{"line":48,"column":0},"end":{"line":48,"column":32}},"48":{"start":{"line":49,"column":0},"end":{"line":49,"column":28}},"49":{"start":{"line":50,"column":0},"end":{"line":50,"column":6}},"50":{"start":{"line":51,"column":0},"end":{"line":51,"column":27}},"51":{"start":{"line":52,"column":0},"end":{"line":52,"column":12}},"52":{"start":{"line":53,"column":0},"end":{"line":53,"column":71}},"53":{"start":{"line":54,"column":0},"end":{"line":54,"column":7}},"54":{"start":{"line":55,"column":0},"end":{"line":55,"column":39}},"55":{"start":{"line":56,"column":0},"end":{"line":56,"column":44}},"56":{"start":{"line":57,"column":0},"end":{"line":57,"column":6}},"57":{"start":{"line":58,"column":0},"end":{"line":58,"column":68}},"58":{"start":{"line":59,"column":0},"end":{"line":59,"column":35}},"59":{"start":{"line":60,"column":0},"end":{"line":60,"column":52}},"60":{"start":{"line":61,"column":0},"end":{"line":61,"column":49}},"61":{"start":{"line":62,"column":0},"end":{"line":62,"column":70}},"62":{"start":{"line":63,"column":0},"end":{"line":63,"column":47}},"63":{"start":{"line":64,"column":0},"end":{"line":64,"column":7}},"64":{"start":{"line":65,"column":0},"end":{"line":65,"column":6}},"65":{"start":{"line":66,"column":0},"end":{"line":66,"column":66}},"66":{"start":{"line":67,"column":0},"end":{"line":67,"column":35}},"67":{"start":{"line":68,"column":0},"end":{"line":68,"column":22}},"68":{"start":{"line":69,"column":0},"end":{"line":69,"column":49}},"69":{"start":{"line":70,"column":0},"end":{"line":70,"column":70}},"70":{"start":{"line":71,"column":0},"end":{"line":71,"column":47}},"71":{"start":{"line":72,"column":0},"end":{"line":72,"column":7}},"72":{"start":{"line":73,"column":0},"end":{"line":73,"column":5}},"73":{"start":{"line":74,"column":0},"end":{"line":74,"column":3}},"74":{"start":{"line":75,"column":0},"end":{"line":75,"column":3}},"75":{"start":{"line":76,"column":0},"end":{"line":76,"column":0}},"76":{"start":{"line":77,"column":0},"end":{"line":77,"column":14}},"77":{"start":{"line":78,"column":0},"end":{"line":78,"column":22}},"78":{"start":{"line":79,"column":0},"end":{"line":79,"column":19}},"79":{"start":{"line":80,"column":0},"end":{"line":80,"column":25}},"80":{"start":{"line":81,"column":0},"end":{"line":81,"column":27}},"81":{"start":{"line":82,"column":0},"end":{"line":82,"column":24}},"82":{"start":{"line":83,"column":0},"end":{"line":83,"column":31}},"83":{"start":{"line":84,"column":0},"end":{"line":84,"column":42}}},"s":{"0":1,"1":1,"2":1,"3":1,"4":1,"5":1,"6":1,"7":1,"8":1,"9":1,"10":1,"11":1,"12":1,"13":1,"14":1,"15":1,"16":1,"17":1,"18":1,"19":1,"20":1,"21":1,"22":1,"23":1,"24":1,"25":1,"26":1,"27":1,"28":1,"29":2,"30":2,"31":1,"32":1,"33":1,"34":1,"35":1,"36":1,"37":1,"38":1,"39":1,"40":2,"41":1,"42":1,"43":2,"44":2,"45":1,"46":1,"47":1,"48":1,"49":1,"50":1,"51":1,"52":1,"53":1,"54":1,"55":1,"56":1,"57":1,"58":1,"59":1,"60":1,"61":1,"62":1,"63":1,"64":1,"65":1,"66":1,"67":1,"68":1,"69":1,"70":1,"71":1,"72":1,"73":1,"74":1,"75":1,"76":1,"77":1,"78":1,"79":1,"80":1,"81":1,"82":1,"83":1},"branchMap":{"0":{"type":"branch","line":29,"loc":{"start":{"line":29,"column":13},"end":{"line":42,"column":7}},"locations":[{"start":{"line":29,"column":13},"end":{"line":42,"column":7}}]},"1":{"type":"branch","line":31,"loc":{"start":{"line":31,"column":45},"end":{"line":40,"column":11}},"locations":[{"start":{"line":31,"column":45},"end":{"line":40,"column":11}}]},"2":{"type":"branch","line":43,"loc":{"start":{"line":43,"column":13},"end":{"line":45,"column":7}},"locations":[{"start":{"line":43,"column":13},"end":{"line":45,"column":7}}]},"3":{"type":"branch","line":47,"loc":{"start":{"line":47,"column":20},"end":{"line":50,"column":5}},"locations":[{"start":{"line":47,"column":20},"end":{"line":50,"column":5}}]},"4":{"type":"branch","line":51,"loc":{"start":{"line":51,"column":26},"end":{"line":57,"column":5}},"locations":[{"start":{"line":51,"column":26},"end":{"line":57,"column":5}}]},"5":{"type":"branch","line":58,"loc":{"start":{"line":58,"column":28},"end":{"line":65,"column":5}},"locations":[{"start":{"line":58,"column":28},"end":{"line":65,"column":5}}]},"6":{"type":"branch","line":66,"loc":{"start":{"line":66,"column":26},"end":{"line":73,"column":5}},"locations":[{"start":{"line":66,"column":26},"end":{"line":73,"column":5}}]}},"b":{"0":[2],"1":[1],"2":[2],"3":[1],"4":[1],"5":[1],"6":[1]},"fnMap":{"0":{"name":"reducer","decl":{"start":{"line":29,"column":13},"end":{"line":42,"column":7}},"loc":{"start":{"line":29,"column":13},"end":{"line":42,"column":7}},"line":29},"1":{"name":"prepare","decl":{"start":{"line":43,"column":13},"end":{"line":45,"column":7}},"loc":{"start":{"line":43,"column":13},"end":{"line":45,"column":7}},"line":43},"2":{"name":"resetIngredients","decl":{"start":{"line":47,"column":20},"end":{"line":50,"column":5}},"loc":{"start":{"line":47,"column":20},"end":{"line":50,"column":5}},"line":47},"3":{"name":"handleDeleteIngredient","decl":{"start":{"line":51,"column":26},"end":{"line":57,"column":5}},"loc":{"start":{"line":51,"column":26},"end":{"line":57,"column":5}},"line":51},"4":{"name":"handleMoveDownIngredient","decl":{"start":{"line":58,"column":28},"end":{"line":65,"column":5}},"loc":{"start":{"line":58,"column":28},"end":{"line":65,"column":5}},"line":58},"5":{"name":"handleMoveUpIngredient","decl":{"start":{"line":66,"column":26},"end":{"line":73,"column":5}},"loc":{"start":{"line":66,"column":26},"end":{"line":73,"column":5}},"line":66}},"f":{"0":2,"1":2,"2":1,"3":1,"4":1,"5":1}}
,"C:\\Users\\Катя\\dev\\stellar-burgers\\src\\slices\\allIngredientsCategorySlice.ts": {"path":"C:\\Users\\Катя\\dev\\stellar-burgers\\src\\slices\\allIngredientsCategorySlice.ts","all":false,"statementMap":{"0":{"start":{"line":1,"column":0},"end":{"line":1,"column":41}},"1":{"start":{"line":2,"column":0},"end":{"line":2,"column":65}},"2":{"start":{"line":3,"column":0},"end":{"line":3,"column":43}},"3":{"start":{"line":4,"column":0},"end":{"line":4,"column":0}},"4":{"start":{"line":5,"column":0},"end":{"line":5,"column":28}},"5":{"start":{"line":6,"column":0},"end":{"line":6,"column":22}},"6":{"start":{"line":7,"column":0},"end":{"line":7,"column":23}},"7":{"start":{"line":8,"column":0},"end":{"line":8,"column":24}},"8":{"start":{"line":9,"column":0},"end":{"line":9,"column":21}},"9":{"start":{"line":10,"column":0},"end":{"line":10,"column":23}},"10":{"start":{"line":11,"column":0},"end":{"line":11,"column":1}},"11":{"start":{"line":12,"column":0},"end":{"line":12,"column":0}},"12":{"start":{"line":13,"column":0},"end":{"line":13,"column":40}},"13":{"start":{"line":14,"column":0},"end":{"line":14,"column":11}},"14":{"start":{"line":15,"column":0},"end":{"line":15,"column":12}},"15":{"start":{"line":16,"column":0},"end":{"line":16,"column":13}},"16":{"start":{"line":17,"column":0},"end":{"line":17,"column":18}},"17":{"start":{"line":18,"column":0},"end":{"line":18,"column":13}},"18":{"start":{"line":19,"column":0},"end":{"line":19,"column":2}},"19":{"start":{"line":20,"column":0},"end":{"line":20,"column":0}},"20":{"start":{"line":21,"column":0},"end":{"line":21,"column":49}},"21":{"start":{"line":22,"column":0},"end":{"line":22,"column":33}},"22":{"start":{"line":23,"column":0},"end":{"line":23,"column":15}},"23":{"start":{"line":24,"column":0},"end":{"line":24,"column":50}},"24":{"start":{"line":25,"column":0},"end":{"line":25,"column":23}},"25":{"start":{"line":26,"column":0},"end":{"line":26,"column":3}},"26":{"start":{"line":27,"column":0},"end":{"line":27,"column":2}},"27":{"start":{"line":28,"column":0},"end":{"line":28,"column":0}},"28":{"start":{"line":29,"column":0},"end":{"line":29,"column":49}},"29":{"start":{"line":30,"column":0},"end":{"line":30,"column":22}},"30":{"start":{"line":31,"column":0},"end":{"line":31,"column":15}},"31":{"start":{"line":32,"column":0},"end":{"line":32,"column":15}},"32":{"start":{"line":33,"column":0},"end":{"line":33,"column":31}},"33":{"start":{"line":34,"column":0},"end":{"line":34,"column":11}},"34":{"start":{"line":35,"column":0},"end":{"line":35,"column":53}},"35":{"start":{"line":36,"column":0},"end":{"line":36,"column":31}},"36":{"start":{"line":37,"column":0},"end":{"line":37,"column":27}},"37":{"start":{"line":38,"column":0},"end":{"line":38,"column":8}},"38":{"start":{"line":39,"column":0},"end":{"line":39,"column":63}},"39":{"start":{"line":40,"column":0},"end":{"line":40,"column":60}},"40":{"start":{"line":41,"column":0},"end":{"line":41,"column":71}},"41":{"start":{"line":42,"column":0},"end":{"line":42,"column":73}},"42":{"start":{"line":43,"column":0},"end":{"line":43,"column":75}},"43":{"start":{"line":44,"column":0},"end":{"line":44,"column":32}},"44":{"start":{"line":45,"column":0},"end":{"line":45,"column":8}},"45":{"start":{"line":46,"column":0},"end":{"line":46,"column":62}},"46":{"start":{"line":47,"column":0},"end":{"line":47,"column":32}},"47":{"start":{"line":48,"column":0},"end":{"line":48,"column":69}},"48":{"start":{"line":49,"column":0},"end":{"line":49,"column":9}},"49":{"start":{"line":50,"column":0},"end":{"line":50,"column":3}},"50":{"start":{"line":51,"column":0},"end":{"line":51,"column":3}},"51":{"start":{"line":52,"column":0},"end":{"line":52,"column":0}},"52":{"start":{"line":53,"column":0},"end":{"line":53,"column":51}}},"s":{"0":1,"1":1,"2":1,"3":1,"4":1,"5":1,"6":1,"7":1,"8":1,"9":1,"10":1,"11":1,"12":1,"13":1,"14":1,"15":1,"16":1,"17":1,"18":1,"19":1,"20":1,"21":1,"22":1,"23":3,"24":3,"25":3,"26":1,"27":1,"28":1,"29":1,"30":1,"31":1,"32":1,"33":2,"34":2,"35":3,"36":3,"37":2,"38":2,"39":1,"40":1,"41":1,"42":1,"43":1,"44":2,"45":2,"46":1,"47":1,"48":2,"49":2,"50":1,"51":1,"52":1},"branchMap":{"0":{"type":"branch","line":23,"loc":{"start":{"line":23,"column":2},"end":{"line":26,"column":3}},"locations":[{"start":{"line":23,"column":2},"end":{"line":26,"column":3}}]},"1":{"type":"branch","line":23,"loc":{"start":{"line":23,"column":2},"end":{"line":26,"column":3}},"locations":[{"start":{"line":23,"column":2},"end":{"line":26,"column":3}}]},"2":{"type":"branch","line":24,"loc":{"start":{"line":24,"column":24},"end":{"line":24,"column":50}},"locations":[{"start":{"line":24,"column":24},"end":{"line":24,"column":50}}]},"3":{"type":"branch","line":33,"loc":{"start":{"line":33,"column":17},"end":{"line":50,"column":3}},"locations":[{"start":{"line":33,"column":17},"end":{"line":50,"column":3}}]},"4":{"type":"branch","line":35,"loc":{"start":{"line":35,"column":41},"end":{"line":38,"column":7}},"locations":[{"start":{"line":35,"column":41},"end":{"line":38,"column":7}}]},"5":{"type":"branch","line":39,"loc":{"start":{"line":39,"column":43},"end":{"line":45,"column":7}},"locations":[{"start":{"line":39,"column":43},"end":{"line":45,"column":7}}]},"6":{"type":"branch","line":41,"loc":{"start":{"line":41,"column":40},"end":{"line":41,"column":54}},"locations":[{"start":{"line":41,"column":40},"end":{"line":41,"column":54}}]},"7":{"type":"branch","line":42,"loc":{"start":{"line":42,"column":41},"end":{"line":42,"column":55}},"locations":[{"start":{"line":42,"column":41},"end":{"line":42,"column":55}}]},"8":{"type":"branch","line":43,"loc":{"start":{"line":43,"column":42},"end":{"line":43,"column":56}},"locations":[{"start":{"line":43,"column":42},"end":{"line":43,"column":56}}]},"9":{"type":"branch","line":46,"loc":{"start":{"line":46,"column":42},"end":{"line":49,"column":7}},"locations":[{"start":{"line":46,"column":42},"end":{"line":49,"column":7}}]},"10":{"type":"branch","line":48,"loc":{"start":{"line":48,"column":42},"end":{"line":48,"column":68}},"locations":[{"start":{"line":48,"column":42},"end":{"line":48,"column":68}}]}},"b":{"0":[3],"1":[3],"2":[3],"3":[2],"4":[3],"5":[1],"6":[3],"7":[3],"8":[3],"9":[1],"10":[0]},"fnMap":{"0":{"name":"extraReducers","decl":{"start":{"line":33,"column":17},"end":{"line":50,"column":3}},"loc":{"start":{"line":33,"column":17},"end":{"line":50,"column":3}},"line":33}},"f":{"0":2}}
,"C:\\Users\\Катя\\dev\\stellar-burgers\\src\\slices\\allIngredientsSlice.ts": {"path":"C:\\Users\\Катя\\dev\\stellar-burgers\\src\\slices\\allIngredientsSlice.ts","all":false,"statementMap":{"0":{"start":{"line":1,"column":0},"end":{"line":1,"column":41}},"1":{"start":{"line":2,"column":0},"end":{"line":2,"column":65}},"2":{"start":{"line":3,"column":0},"end":{"line":3,"column":43}},"3":{"start":{"line":4,"column":0},"end":{"line":4,"column":0}},"4":{"start":{"line":5,"column":0},"end":{"line":5,"column":31}},"5":{"start":{"line":6,"column":0},"end":{"line":6,"column":29}},"6":{"start":{"line":7,"column":0},"end":{"line":7,"column":32}},"7":{"start":{"line":8,"column":0},"end":{"line":8,"column":23}},"8":{"start":{"line":9,"column":0},"end":{"line":9,"column":1}},"9":{"start":{"line":10,"column":0},"end":{"line":10,"column":0}},"10":{"start":{"line":11,"column":0},"end":{"line":11,"column":43}},"11":{"start":{"line":12,"column":0},"end":{"line":12,"column":18}},"12":{"start":{"line":13,"column":0},"end":{"line":13,"column":29}},"13":{"start":{"line":14,"column":0},"end":{"line":14,"column":13}},"14":{"start":{"line":15,"column":0},"end":{"line":15,"column":2}},"15":{"start":{"line":16,"column":0},"end":{"line":16,"column":0}},"16":{"start":{"line":17,"column":0},"end":{"line":17,"column":52}},"17":{"start":{"line":18,"column":0},"end":{"line":18,"column":36}},"18":{"start":{"line":19,"column":0},"end":{"line":19,"column":15}},"19":{"start":{"line":20,"column":0},"end":{"line":20,"column":50}},"20":{"start":{"line":21,"column":0},"end":{"line":21,"column":23}},"21":{"start":{"line":22,"column":0},"end":{"line":22,"column":3}},"22":{"start":{"line":23,"column":0},"end":{"line":23,"column":2}},"23":{"start":{"line":24,"column":0},"end":{"line":24,"column":0}},"24":{"start":{"line":25,"column":0},"end":{"line":25,"column":41}},"25":{"start":{"line":26,"column":0},"end":{"line":26,"column":26}},"26":{"start":{"line":27,"column":0},"end":{"line":27,"column":15}},"27":{"start":{"line":28,"column":0},"end":{"line":28,"column":15}},"28":{"start":{"line":29,"column":0},"end":{"line":29,"column":31}},"29":{"start":{"line":30,"column":0},"end":{"line":30,"column":11}},"30":{"start":{"line":31,"column":0},"end":{"line":31,"column":56}},"31":{"start":{"line":32,"column":0},"end":{"line":32,"column":42}},"32":{"start":{"line":33,"column":0},"end":{"line":33,"column":27}},"33":{"start":{"line":34,"column":0},"end":{"line":34,"column":8}},"34":{"start":{"line":35,"column":0},"end":{"line":35,"column":66}},"35":{"start":{"line":36,"column":0},"end":{"line":36,"column":63}},"36":{"start":{"line":37,"column":0},"end":{"line":37,"column":43}},"37":{"start":{"line":38,"column":0},"end":{"line":38,"column":43}},"38":{"start":{"line":39,"column":0},"end":{"line":39,"column":8}},"39":{"start":{"line":40,"column":0},"end":{"line":40,"column":65}},"40":{"start":{"line":41,"column":0},"end":{"line":41,"column":43}},"41":{"start":{"line":42,"column":0},"end":{"line":42,"column":69}},"42":{"start":{"line":43,"column":0},"end":{"line":43,"column":9}},"43":{"start":{"line":44,"column":0},"end":{"line":44,"column":3}},"44":{"start":{"line":45,"column":0},"end":{"line":45,"column":3}},"45":{"start":{"line":46,"column":0},"end":{"line":46,"column":0}},"46":{"start":{"line":47,"column":0},"end":{"line":47,"column":43}}},"s":{"0":1,"1":1,"2":1,"3":1,"4":1,"5":1,"6":1,"7":1,"8":1,"9":1,"10":1,"11":1,"12":1,"13":1,"14":1,"15":1,"16":1,"17":1,"18":1,"19":3,"20":3,"21":3,"22":1,"23":1,"24":1,"25":1,"26":1,"27":1,"28":1,"29":2,"30":2,"31":3,"32":3,"33":2,"34":2,"35":1,"36":1,"37":1,"38":2,"39":2,"40":1,"41":1,"42":2,"43":2,"44":1,"45":1,"46":1},"branchMap":{"0":{"type":"branch","line":19,"loc":{"start":{"line":19,"column":2},"end":{"line":22,"column":3}},"locations":[{"start":{"line":19,"column":2},"end":{"line":22,"column":3}}]},"1":{"type":"branch","line":19,"loc":{"start":{"line":19,"column":2},"end":{"line":22,"column":3}},"locations":[{"start":{"line":19,"column":2},"end":{"line":22,"column":3}}]},"2":{"type":"branch","line":20,"loc":{"start":{"line":20,"column":24},"end":{"line":20,"column":50}},"locations":[{"start":{"line":20,"column":24},"end":{"line":20,"column":50}}]},"3":{"type":"branch","line":29,"loc":{"start":{"line":29,"column":17},"end":{"line":44,"column":3}},"locations":[{"start":{"line":29,"column":17},"end":{"line":44,"column":3}}]},"4":{"type":"branch","line":31,"loc":{"start":{"line":31,"column":44},"end":{"line":34,"column":7}},"locations":[{"start":{"line":31,"column":44},"end":{"line":34,"column":7}}]},"5":{"type":"branch","line":35,"loc":{"start":{"line":35,"column":46},"end":{"line":39,"column":7}},"locations":[{"start":{"line":35,"column":46},"end":{"line":39,"column":7}}]},"6":{"type":"branch","line":40,"loc":{"start":{"line":40,"column":45},"end":{"line":43,"column":7}},"locations":[{"start":{"line":40,"column":45},"end":{"line":43,"column":7}}]},"7":{"type":"branch","line":42,"loc":{"start":{"line":42,"column":42},"end":{"line":42,"column":68}},"locations":[{"start":{"line":42,"column":42},"end":{"line":42,"column":68}}]}},"b":{"0":[3],"1":[3],"2":[3],"3":[2],"4":[3],"5":[1],"6":[1],"7":[0]},"fnMap":{"0":{"name":"extraReducers","decl":{"start":{"line":29,"column":17},"end":{"line":44,"column":3}},"loc":{"start":{"line":29,"column":17},"end":{"line":44,"column":3}},"line":29}},"f":{"0":2}}
,"C:\\Users\\Катя\\dev\\stellar-burgers\\src\\slices\\feedModalSlice.ts": {"path":"C:\\Users\\Катя\\dev\\stellar-burgers\\src\\slices\\feedModalSlice.ts","all":false,"statementMap":{"0":{"start":{"line":1,"column":0},"end":{"line":1,"column":62}},"1":{"start":{"line":2,"column":0},"end":{"line":2,"column":38}},"2":{"start":{"line":3,"column":0},"end":{"line":3,"column":0}},"3":{"start":{"line":4,"column":0},"end":{"line":4,"column":26}},"4":{"start":{"line":5,"column":0},"end":{"line":5,"column":27}},"5":{"start":{"line":6,"column":0},"end":{"line":6,"column":9}},"6":{"start":{"line":7,"column":0},"end":{"line":7,"column":18}},"7":{"start":{"line":8,"column":0},"end":{"line":8,"column":23}},"8":{"start":{"line":9,"column":0},"end":{"line":9,"column":4}},"9":{"start":{"line":10,"column":0},"end":{"line":10,"column":23}},"10":{"start":{"line":11,"column":0},"end":{"line":11,"column":1}},"11":{"start":{"line":12,"column":0},"end":{"line":12,"column":0}},"12":{"start":{"line":13,"column":0},"end":{"line":13,"column":38}},"13":{"start":{"line":14,"column":0},"end":{"line":14,"column":18}},"14":{"start":{"line":15,"column":0},"end":{"line":15,"column":9}},"15":{"start":{"line":16,"column":0},"end":{"line":16,"column":13}},"16":{"start":{"line":17,"column":0},"end":{"line":17,"column":17}},"17":{"start":{"line":18,"column":0},"end":{"line":18,"column":4}},"18":{"start":{"line":19,"column":0},"end":{"line":19,"column":13}},"19":{"start":{"line":20,"column":0},"end":{"line":20,"column":2}},"20":{"start":{"line":21,"column":0},"end":{"line":21,"column":0}},"21":{"start":{"line":22,"column":0},"end":{"line":22,"column":36}},"22":{"start":{"line":23,"column":0},"end":{"line":23,"column":21}},"23":{"start":{"line":24,"column":0},"end":{"line":24,"column":15}},"24":{"start":{"line":25,"column":0},"end":{"line":25,"column":13}},"25":{"start":{"line":26,"column":0},"end":{"line":26,"column":23}},"26":{"start":{"line":27,"column":0},"end":{"line":27,"column":12}},"27":{"start":{"line":28,"column":0},"end":{"line":28,"column":64}},"28":{"start":{"line":29,"column":0},"end":{"line":29,"column":7}},"29":{"start":{"line":30,"column":0},"end":{"line":30,"column":47}},"30":{"start":{"line":31,"column":0},"end":{"line":31,"column":27}},"31":{"start":{"line":32,"column":0},"end":{"line":32,"column":0}},"32":{"start":{"line":33,"column":0},"end":{"line":33,"column":80}},"33":{"start":{"line":34,"column":0},"end":{"line":34,"column":5}},"34":{"start":{"line":35,"column":0},"end":{"line":35,"column":3}},"35":{"start":{"line":36,"column":0},"end":{"line":36,"column":3}},"36":{"start":{"line":37,"column":0},"end":{"line":37,"column":0}},"37":{"start":{"line":38,"column":0},"end":{"line":38,"column":61}},"38":{"start":{"line":39,"column":0},"end":{"line":39,"column":38}}},"s":{"0":1,"1":1,"2":1,"3":1,"4":1,"5":1,"6":1,"7":1,"8":1,"9":1,"10":1,"11":1,"12":1,"13":1,"14":1,"15":1,"16":1,"17":1,"18":1,"19":1,"20":1,"21":1,"22":1,"23":1,"24":1,"25":1,"26":1,"27":1,"28":1,"29":1,"30":1,"31":1,"32":1,"33":1,"34":1,"35":1,"36":1,"37":1,"38":1},"branchMap":{"0":{"type":"branch","line":26,"loc":{"start":{"line":26,"column":22},"end":{"line":34,"column":5}},"locations":[{"start":{"line":26,"column":22},"end":{"line":34,"column":5}}]},"1":{"type":"branch","line":33,"loc":{"start":{"line":33,"column":71},"end":{"line":33,"column":79}},"locations":[{"start":{"line":33,"column":71},"end":{"line":33,"column":79}}]},"2":{"type":"branch","line":33,"loc":{"start":{"line":33,"column":36},"end":{"line":33,"column":52}},"locations":[{"start":{"line":33,"column":36},"end":{"line":33,"column":52}}]}},"b":{"0":[1],"1":[0],"2":[1]},"fnMap":{"0":{"name":"selectFeedByNumber","decl":{"start":{"line":26,"column":22},"end":{"line":34,"column":5}},"loc":{"start":{"line":26,"column":22},"end":{"line":34,"column":5}},"line":26}},"f":{"0":1}}
,"C:\\Users\\Катя\\dev\\stellar-burgers\\src\\slices\\ingredientModalSlice.ts": {"path":"C:\\Users\\Катя\\dev\\stellar-burgers\\src\\slices\\ingredientModalSlice.ts","all":false,"statementMap":{"0":{"start":{"line":1,"column":0},"end":{"line":1,"column":62}},"1":{"start":{"line":2,"column":0},"end":{"line":2,"column":43}},"2":{"start":{"line":3,"column":0},"end":{"line":3,"column":0}},"3":{"start":{"line":4,"column":0},"end":{"line":4,"column":32}},"4":{"start":{"line":5,"column":0},"end":{"line":5,"column":41}},"5":{"start":{"line":6,"column":0},"end":{"line":6,"column":23}},"6":{"start":{"line":7,"column":0},"end":{"line":7,"column":1}},"7":{"start":{"line":8,"column":0},"end":{"line":8,"column":0}},"8":{"start":{"line":9,"column":0},"end":{"line":9,"column":44}},"9":{"start":{"line":10,"column":0},"end":{"line":10,"column":27}},"10":{"start":{"line":11,"column":0},"end":{"line":11,"column":13}},"11":{"start":{"line":12,"column":0},"end":{"line":12,"column":2}},"12":{"start":{"line":13,"column":0},"end":{"line":13,"column":0}},"13":{"start":{"line":14,"column":0},"end":{"line":14,"column":42}},"14":{"start":{"line":15,"column":0},"end":{"line":15,"column":27}},"15":{"start":{"line":16,"column":0},"end":{"line":16,"column":15}},"16":{"start":{"line":17,"column":0},"end":{"line":17,"column":13}},"17":{"start":{"line":18,"column":0},"end":{"line":18,"column":25}},"18":{"start":{"line":19,"column":0},"end":{"line":19,"column":12}},"19":{"start":{"line":20,"column":0},"end":{"line":20,"column":71}},"20":{"start":{"line":21,"column":0},"end":{"line":21,"column":7}},"21":{"start":{"line":22,"column":0},"end":{"line":22,"column":49}},"22":{"start":{"line":23,"column":0},"end":{"line":23,"column":32}},"23":{"start":{"line":24,"column":0},"end":{"line":24,"column":72}},"24":{"start":{"line":25,"column":0},"end":{"line":25,"column":5}},"25":{"start":{"line":26,"column":0},"end":{"line":26,"column":3}},"26":{"start":{"line":27,"column":0},"end":{"line":27,"column":3}},"27":{"start":{"line":28,"column":0},"end":{"line":28,"column":0}},"28":{"start":{"line":29,"column":0},"end":{"line":29,"column":69}},"29":{"start":{"line":30,"column":0},"end":{"line":30,"column":44}}},"s":{"0":1,"1":1,"2":1,"3":1,"4":1,"5":1,"6":1,"7":1,"8":1,"9":1,"10":1,"11":1,"12":1,"13":1,"14":1,"15":1,"16":1,"17":1,"18":1,"19":1,"20":1,"21":1,"22":1,"23":1,"24":1,"25":1,"26":1,"27":1,"28":1,"29":1},"branchMap":{"0":{"type":"branch","line":18,"loc":{"start":{"line":18,"column":24},"end":{"line":25,"column":5}},"locations":[{"start":{"line":18,"column":24},"end":{"line":25,"column":5}}]},"1":{"type":"branch","line":24,"loc":{"start":{"line":24,"column":63},"end":{"line":24,"column":71}},"locations":[{"start":{"line":24,"column":63},"end":{"line":24,"column":71}}]},"2":{"type":"branch","line":24,"loc":{"start":{"line":24,"column":25},"end":{"line":24,"column":51}},"locations":[{"start":{"line":24,"column":25},"end":{"line":24,"column":51}}]}},"b":{"0":[1],"1":[0],"2":[1]},"fnMap":{"0":{"name":"selectIngredientById","decl":{"start":{"line":18,"column":24},"end":{"line":25,"column":5}},"loc":{"start":{"line":18,"column":24},"end":{"line":25,"column":5}},"line":18}},"f":{"0":1}}
,"C:\\Users\\Катя\\dev\\stellar-burgers\\src\\slices\\isLoggedInSlice.ts": {"path":"C:\\Users\\Катя\\dev\\stellar-burgers\\src\\slices\\isLoggedInSlice.ts","all":false,"statementMap":{"0":{"start":{"line":1,"column":0},"end":{"line":1,"column":80}},"1":{"start":{"line":2,"column":0},"end":{"line":2,"column":36}},"2":{"start":{"line":3,"column":0},"end":{"line":3,"column":0}},"3":{"start":{"line":4,"column":0},"end":{"line":4,"column":27}},"4":{"start":{"line":5,"column":0},"end":{"line":5,"column":22}},"5":{"start":{"line":6,"column":0},"end":{"line":6,"column":26}},"6":{"start":{"line":7,"column":0},"end":{"line":7,"column":23}},"7":{"start":{"line":8,"column":0},"end":{"line":8,"column":1}},"8":{"start":{"line":9,"column":0},"end":{"line":9,"column":0}},"9":{"start":{"line":10,"column":0},"end":{"line":10,"column":39}},"10":{"start":{"line":11,"column":0},"end":{"line":11,"column":20}},"11":{"start":{"line":12,"column":0},"end":{"line":12,"column":23}},"12":{"start":{"line":13,"column":0},"end":{"line":13,"column":13}},"13":{"start":{"line":14,"column":0},"end":{"line":14,"column":2}},"14":{"start":{"line":15,"column":0},"end":{"line":15,"column":0}},"15":{"start":{"line":16,"column":0},"end":{"line":16,"column":44}},"16":{"start":{"line":17,"column":0},"end":{"line":17,"column":26}},"17":{"start":{"line":18,"column":0},"end":{"line":18,"column":15}},"18":{"start":{"line":19,"column":0},"end":{"line":19,"column":58}},"19":{"start":{"line":20,"column":0},"end":{"line":20,"column":0}},"20":{"start":{"line":21,"column":0},"end":{"line":21,"column":20}},"21":{"start":{"line":22,"column":0},"end":{"line":22,"column":19}},"22":{"start":{"line":23,"column":0},"end":{"line":23,"column":5}},"23":{"start":{"line":24,"column":0},"end":{"line":24,"column":42}},"24":{"start":{"line":25,"column":0},"end":{"line":25,"column":28}},"25":{"start":{"line":26,"column":0},"end":{"line":26,"column":3}},"26":{"start":{"line":27,"column":0},"end":{"line":27,"column":2}},"27":{"start":{"line":28,"column":0},"end":{"line":28,"column":0}},"28":{"start":{"line":29,"column":0},"end":{"line":29,"column":37}},"29":{"start":{"line":30,"column":0},"end":{"line":30,"column":20}},"30":{"start":{"line":31,"column":0},"end":{"line":31,"column":15}},"31":{"start":{"line":32,"column":0},"end":{"line":32,"column":15}},"32":{"start":{"line":33,"column":0},"end":{"line":33,"column":31}},"33":{"start":{"line":34,"column":0},"end":{"line":34,"column":11}},"34":{"start":{"line":35,"column":0},"end":{"line":35,"column":48}},"35":{"start":{"line":36,"column":0},"end":{"line":36,"column":36}},"36":{"start":{"line":37,"column":0},"end":{"line":37,"column":8}},"37":{"start":{"line":38,"column":0},"end":{"line":38,"column":15}},"38":{"start":{"line":39,"column":0},"end":{"line":39,"column":30}},"39":{"start":{"line":40,"column":0},"end":{"line":40,"column":52}},"40":{"start":{"line":41,"column":0},"end":{"line":41,"column":44}},"41":{"start":{"line":42,"column":0},"end":{"line":42,"column":39}},"42":{"start":{"line":43,"column":0},"end":{"line":43,"column":9}},"43":{"start":{"line":44,"column":0},"end":{"line":44,"column":7}},"44":{"start":{"line":45,"column":0},"end":{"line":45,"column":57}},"45":{"start":{"line":46,"column":0},"end":{"line":46,"column":33}},"46":{"start":{"line":47,"column":0},"end":{"line":47,"column":37}},"47":{"start":{"line":48,"column":0},"end":{"line":48,"column":69}},"48":{"start":{"line":49,"column":0},"end":{"line":49,"column":9}},"49":{"start":{"line":50,"column":0},"end":{"line":50,"column":3}},"50":{"start":{"line":51,"column":0},"end":{"line":51,"column":3}},"51":{"start":{"line":52,"column":0},"end":{"line":52,"column":0}},"52":{"start":{"line":53,"column":0},"end":{"line":53,"column":39}}},"s":{"0":1,"1":1,"2":1,"3":1,"4":1,"5":1,"6":1,"7":1,"8":1,"9":1,"10":1,"11":1,"12":1,"13":1,"14":1,"15":1,"16":1,"17":1,"18":4,"19":4,"20":4,"21":2,"22":2,"23":2,"24":4,"25":4,"26":1,"27":1,"28":1,"29":1,"30":1,"31":1,"32":1,"33":2,"34":2,"35":4,"36":2,"37":2,"38":2,"39":2,"40":3,"41":3,"42":3,"43":2,"44":2,"45":1,"46":1,"47":1,"48":2,"49":2,"50":1,"51":1,"52":1},"branchMap":{"0":{"type":"branch","line":18,"loc":{"start":{"line":18,"column":2},"end":{"line":26,"column":3}},"locations":[{"start":{"line":18,"column":2},"end":{"line":26,"column":3}}]},"1":{"type":"branch","line":18,"loc":{"start":{"line":18,"column":2},"end":{"line":26,"column":3}},"locations":[{"start":{"line":18,"column":2},"end":{"line":26,"column":3}}]},"2":{"type":"branch","line":21,"loc":{"start":{"line":21,"column":19},"end":{"line":24,"column":42}},"locations":[{"start":{"line":21,"column":19},"end":{"line":24,"column":42}}]},"3":{"type":"branch","line":33,"loc":{"start":{"line":33,"column":17},"end":{"line":50,"column":3}},"locations":[{"start":{"line":33,"column":17},"end":{"line":50,"column":3}}]},"4":{"type":"branch","line":35,"loc":{"start":{"line":35,"column":36},"end":{"line":37,"column":7}},"locations":[{"start":{"line":35,"column":36},"end":{"line":37,"column":7}}]},"5":{"type":"branch","line":40,"loc":{"start":{"line":40,"column":8},"end":{"line":43,"column":9}},"locations":[{"start":{"line":40,"column":8},"end":{"line":43,"column":9}}]},"6":{"type":"branch","line":45,"loc":{"start":{"line":45,"column":37},"end":{"line":49,"column":7}},"locations":[{"start":{"line":45,"column":37},"end":{"line":49,"column":7}}]},"7":{"type":"branch","line":48,"loc":{"start":{"line":48,"column":42},"end":{"line":48,"column":68}},"locations":[{"start":{"line":48,"column":42},"end":{"line":48,"column":68}}]}},"b":{"0":[4],"1":[4],"2":[2],"3":[2],"4":[4],"5":[3],"6":[1],"7":[0]},"fnMap":{"0":{"name":"extraReducers","decl":{"start":{"line":33,"column":17},"end":{"line":50,"column":3}},"loc":{"start":{"line":33,"column":17},"end":{"line":50,"column":3}},"line":33}},"f":{"0":2}}
,"C:\\Users\\Катя\\dev\\stellar-burgers\\src\\slices\\loginUserSlice.ts": {"path":"C:\\Users\\Катя\\dev\\stellar-burgers\\src\\slices\\loginUserSlice.ts","all":false,"statementMap":{"0":{"start":{"line":1,"column":0},"end":{"line":1,"column":48}},"1":{"start":{"line":2,"column":0},"end":{"line":2,"column":65}},"2":{"start":{"line":3,"column":0},"end":{"line":3,"column":37}},"3":{"start":{"line":4,"column":0},"end":{"line":4,"column":44}},"4":{"start":{"line":5,"column":0},"end":{"line":5,"column":0}},"5":{"start":{"line":6,"column":0},"end":{"line":6,"column":26}},"6":{"start":{"line":7,"column":0},"end":{"line":7,"column":21}},"7":{"start":{"line":8,"column":0},"end":{"line":8,"column":19}},"8":{"start":{"line":9,"column":0},"end":{"line":9,"column":23}},"9":{"start":{"line":10,"column":0},"end":{"line":10,"column":2}},"10":{"start":{"line":11,"column":0},"end":{"line":11,"column":0}},"11":{"start":{"line":12,"column":0},"end":{"line":12,"column":34}},"12":{"start":{"line":13,"column":0},"end":{"line":13,"column":13}},"13":{"start":{"line":14,"column":0},"end":{"line":14,"column":17}},"14":{"start":{"line":15,"column":0},"end":{"line":15,"column":13}},"15":{"start":{"line":16,"column":0},"end":{"line":16,"column":2}},"16":{"start":{"line":17,"column":0},"end":{"line":17,"column":0}},"17":{"start":{"line":18,"column":0},"end":{"line":18,"column":48}},"18":{"start":{"line":19,"column":0},"end":{"line":19,"column":25}},"19":{"start":{"line":20,"column":0},"end":{"line":20,"column":36}},"20":{"start":{"line":21,"column":0},"end":{"line":21,"column":55}},"21":{"start":{"line":22,"column":0},"end":{"line":22,"column":51}},"22":{"start":{"line":23,"column":0},"end":{"line":23,"column":57}},"23":{"start":{"line":24,"column":0},"end":{"line":24,"column":70}},"24":{"start":{"line":25,"column":0},"end":{"line":25,"column":26}},"25":{"start":{"line":26,"column":0},"end":{"line":26,"column":5}},"26":{"start":{"line":27,"column":0},"end":{"line":27,"column":24}},"27":{"start":{"line":28,"column":0},"end":{"line":28,"column":3}},"28":{"start":{"line":29,"column":0},"end":{"line":29,"column":2}},"29":{"start":{"line":30,"column":0},"end":{"line":30,"column":0}},"30":{"start":{"line":31,"column":0},"end":{"line":31,"column":43}},"31":{"start":{"line":32,"column":0},"end":{"line":32,"column":16}},"32":{"start":{"line":33,"column":0},"end":{"line":33,"column":15}},"33":{"start":{"line":34,"column":0},"end":{"line":34,"column":13}},"34":{"start":{"line":35,"column":0},"end":{"line":35,"column":33}},"35":{"start":{"line":36,"column":0},"end":{"line":36,"column":28}},"36":{"start":{"line":37,"column":0},"end":{"line":37,"column":5}},"37":{"start":{"line":38,"column":0},"end":{"line":38,"column":4}},"38":{"start":{"line":39,"column":0},"end":{"line":39,"column":31}},"39":{"start":{"line":40,"column":0},"end":{"line":40,"column":11}},"40":{"start":{"line":41,"column":0},"end":{"line":41,"column":52}},"41":{"start":{"line":42,"column":0},"end":{"line":42,"column":30}},"42":{"start":{"line":43,"column":0},"end":{"line":43,"column":27}},"43":{"start":{"line":44,"column":0},"end":{"line":44,"column":8}},"44":{"start":{"line":45,"column":0},"end":{"line":45,"column":62}},"45":{"start":{"line":46,"column":0},"end":{"line":46,"column":41}},"46":{"start":{"line":47,"column":0},"end":{"line":47,"column":47}},"47":{"start":{"line":48,"column":0},"end":{"line":48,"column":8}},"48":{"start":{"line":49,"column":0},"end":{"line":49,"column":61}},"49":{"start":{"line":50,"column":0},"end":{"line":50,"column":30}},"50":{"start":{"line":51,"column":0},"end":{"line":51,"column":69}},"51":{"start":{"line":52,"column":0},"end":{"line":52,"column":9}},"52":{"start":{"line":53,"column":0},"end":{"line":53,"column":3}},"53":{"start":{"line":54,"column":0},"end":{"line":54,"column":3}},"54":{"start":{"line":55,"column":0},"end":{"line":55,"column":0}},"55":{"start":{"line":56,"column":0},"end":{"line":56,"column":58}},"56":{"start":{"line":57,"column":0},"end":{"line":57,"column":38}}},"s":{"0":1,"1":1,"2":1,"3":1,"4":1,"5":1,"6":1,"7":1,"8":1,"9":1,"10":1,"11":1,"12":1,"13":1,"14":1,"15":1,"16":1,"17":1,"18":1,"19":1,"20":4,"21":4,"22":2,"23":2,"24":2,"25":2,"26":0,"27":4,"28":1,"29":1,"30":1,"31":1,"32":1,"33":1,"34":1,"35":1,"36":1,"37":1,"38":1,"39":2,"40":2,"41":4,"42":4,"43":2,"44":2,"45":2,"46":2,"47":2,"48":2,"49":1,"50":1,"51":2,"52":2,"53":1,"54":1,"55":1,"56":1},"branchMap":{"0":{"type":"branch","line":20,"loc":{"start":{"line":20,"column":2},"end":{"line":28,"column":3}},"locations":[{"start":{"line":20,"column":2},"end":{"line":28,"column":3}}]},"1":{"type":"branch","line":20,"loc":{"start":{"line":20,"column":30},"end":{"line":28,"column":3}},"locations":[{"start":{"line":20,"column":30},"end":{"line":28,"column":3}}]},"2":{"type":"branch","line":21,"loc":{"start":{"line":21,"column":25},"end":{"line":21,"column":55}},"locations":[{"start":{"line":21,"column":25},"end":{"line":21,"column":55}}]},"3":{"type":"branch","line":22,"loc":{"start":{"line":22,"column":20},"end":{"line":22,"column":48}},"locations":[{"start":{"line":22,"column":20},"end":{"line":22,"column":48}}]},"4":{"type":"branch","line":22,"loc":{"start":{"line":22,"column":50},"end":{"line":26,"column":5}},"locations":[{"start":{"line":22,"column":50},"end":{"line":26,"column":5}}]},"5":{"type":"branch","line":27,"loc":{"start":{"line":27,"column":-2},"end":{"line":27,"column":24}},"locations":[{"start":{"line":27,"column":-2},"end":{"line":27,"column":24}}]},"6":{"type":"branch","line":35,"loc":{"start":{"line":35,"column":21},"end":{"line":37,"column":5}},"locations":[{"start":{"line":35,"column":21},"end":{"line":37,"column":5}}]},"7":{"type":"branch","line":39,"loc":{"start":{"line":39,"column":17},"end":{"line":53,"column":3}},"locations":[{"start":{"line":39,"column":17},"end":{"line":53,"column":3}}]},"8":{"type":"branch","line":41,"loc":{"start":{"line":41,"column":40},"end":{"line":44,"column":7}},"locations":[{"start":{"line":41,"column":40},"end":{"line":44,"column":7}}]},"9":{"type":"branch","line":45,"loc":{"start":{"line":45,"column":42},"end":{"line":48,"column":7}},"locations":[{"start":{"line":45,"column":42},"end":{"line":48,"column":7}}]},"10":{"type":"branch","line":49,"loc":{"start":{"line":49,"column":41},"end":{"line":52,"column":7}},"locations":[{"start":{"line":49,"column":41},"end":{"line":52,"column":7}}]},"11":{"type":"branch","line":51,"loc":{"start":{"line":51,"column":42},"end":{"line":51,"column":68}},"locations":[{"start":{"line":51,"column":42},"end":{"line":51,"column":68}}]}},"b":{"0":[4],"1":[4],"2":[4],"3":[2],"4":[2],"5":[0],"6":[1],"7":[2],"8":[4],"9":[2],"10":[1],"11":[0]},"fnMap":{"0":{"name":"resetLoginState","decl":{"start":{"line":35,"column":21},"end":{"line":37,"column":5}},"loc":{"start":{"line":35,"column":21},"end":{"line":37,"column":5}},"line":35},"1":{"name":"extraReducers","decl":{"start":{"line":39,"column":17},"end":{"line":53,"column":3}},"loc":{"start":{"line":39,"column":17},"end":{"line":53,"column":3}},"line":39}},"f":{"0":1,"1":2}}
,"C:\\Users\\Катя\\dev\\stellar-burgers\\src\\slices\\logoutSlice.ts": {"path":"C:\\Users\\Катя\\dev\\stellar-burgers\\src\\slices\\logoutSlice.ts","all":false,"statementMap":{"0":{"start":{"line":1,"column":0},"end":{"line":1,"column":33}},"1":{"start":{"line":2,"column":0},"end":{"line":2,"column":65}},"2":{"start":{"line":3,"column":0},"end":{"line":3,"column":47}},"3":{"start":{"line":4,"column":0},"end":{"line":4,"column":0}},"4":{"start":{"line":5,"column":0},"end":{"line":5,"column":23}},"5":{"start":{"line":6,"column":0},"end":{"line":6,"column":20}},"6":{"start":{"line":7,"column":0},"end":{"line":7,"column":23}},"7":{"start":{"line":8,"column":0},"end":{"line":8,"column":1}},"8":{"start":{"line":9,"column":0},"end":{"line":9,"column":0}},"9":{"start":{"line":10,"column":0},"end":{"line":10,"column":35}},"10":{"start":{"line":11,"column":0},"end":{"line":11,"column":18}},"11":{"start":{"line":12,"column":0},"end":{"line":12,"column":13}},"12":{"start":{"line":13,"column":0},"end":{"line":13,"column":2}},"13":{"start":{"line":14,"column":0},"end":{"line":14,"column":0}},"14":{"start":{"line":15,"column":0},"end":{"line":15,"column":45}},"15":{"start":{"line":16,"column":0},"end":{"line":16,"column":29}},"16":{"start":{"line":17,"column":0},"end":{"line":17,"column":15}},"17":{"start":{"line":18,"column":0},"end":{"line":18,"column":39}},"18":{"start":{"line":19,"column":0},"end":{"line":19,"column":32}},"19":{"start":{"line":20,"column":0},"end":{"line":20,"column":44}},"20":{"start":{"line":21,"column":0},"end":{"line":21,"column":20}},"21":{"start":{"line":22,"column":0},"end":{"line":22,"column":3}},"22":{"start":{"line":23,"column":0},"end":{"line":23,"column":2}},"23":{"start":{"line":24,"column":0},"end":{"line":24,"column":0}},"24":{"start":{"line":25,"column":0},"end":{"line":25,"column":33}},"25":{"start":{"line":26,"column":0},"end":{"line":26,"column":17}},"26":{"start":{"line":27,"column":0},"end":{"line":27,"column":15}},"27":{"start":{"line":28,"column":0},"end":{"line":28,"column":15}},"28":{"start":{"line":29,"column":0},"end":{"line":29,"column":31}},"29":{"start":{"line":30,"column":0},"end":{"line":30,"column":11}},"30":{"start":{"line":31,"column":0},"end":{"line":31,"column":49}},"31":{"start":{"line":32,"column":0},"end":{"line":32,"column":31}},"32":{"start":{"line":33,"column":0},"end":{"line":33,"column":27}},"33":{"start":{"line":34,"column":0},"end":{"line":34,"column":8}},"34":{"start":{"line":35,"column":0},"end":{"line":35,"column":59}},"35":{"start":{"line":36,"column":0},"end":{"line":36,"column":48}},"36":{"start":{"line":37,"column":0},"end":{"line":37,"column":8}},"37":{"start":{"line":38,"column":0},"end":{"line":38,"column":58}},"38":{"start":{"line":39,"column":0},"end":{"line":39,"column":31}},"39":{"start":{"line":40,"column":0},"end":{"line":40,"column":69}},"40":{"start":{"line":41,"column":0},"end":{"line":41,"column":9}},"41":{"start":{"line":42,"column":0},"end":{"line":42,"column":3}},"42":{"start":{"line":43,"column":0},"end":{"line":43,"column":3}},"43":{"start":{"line":44,"column":0},"end":{"line":44,"column":0}},"44":{"start":{"line":45,"column":0},"end":{"line":45,"column":35}}},"s":{"0":1,"1":1,"2":1,"3":1,"4":1,"5":1,"6":1,"7":1,"8":1,"9":1,"10":1,"11":1,"12":1,"13":1,"14":1,"15":1,"16":1,"17":3,"18":3,"19":3,"20":3,"21":3,"22":1,"23":1,"24":1,"25":1,"26":1,"27":1,"28":1,"29":2,"30":2,"31":3,"32":3,"33":2,"34":2,"35":1,"36":2,"37":2,"38":1,"39":1,"40":2,"41":2,"42":1,"43":1,"44":1},"branchMap":{"0":{"type":"branch","line":17,"loc":{"start":{"line":17,"column":2},"end":{"line":22,"column":3}},"locations":[{"start":{"line":17,"column":2},"end":{"line":22,"column":3}}]},"1":{"type":"branch","line":17,"loc":{"start":{"line":17,"column":2},"end":{"line":22,"column":3}},"locations":[{"start":{"line":17,"column":2},"end":{"line":22,"column":3}}]},"2":{"type":"branch","line":18,"loc":{"start":{"line":18,"column":21},"end":{"line":18,"column":39}},"locations":[{"start":{"line":18,"column":21},"end":{"line":18,"column":39}}]},"3":{"type":"branch","line":29,"loc":{"start":{"line":29,"column":17},"end":{"line":42,"column":3}},"locations":[{"start":{"line":29,"column":17},"end":{"line":42,"column":3}}]},"4":{"type":"branch","line":31,"loc":{"start":{"line":31,"column":37},"end":{"line":34,"column":7}},"locations":[{"start":{"line":31,"column":37},"end":{"line":34,"column":7}}]},"5":{"type":"branch","line":35,"loc":{"start":{"line":35,"column":39},"end":{"line":37,"column":7}},"locations":[{"start":{"line":35,"column":39},"end":{"line":37,"column":7}}]},"6":{"type":"branch","line":38,"loc":{"start":{"line":38,"column":38},"end":{"line":41,"column":7}},"locations":[{"start":{"line":38,"column":38},"end":{"line":41,"column":7}}]},"7":{"type":"branch","line":40,"loc":{"start":{"line":40,"column":42},"end":{"line":40,"column":68}},"locations":[{"start":{"line":40,"column":42},"end":{"line":40,"column":68}}]}},"b":{"0":[3],"1":[3],"2":[3],"3":[2],"4":[3],"5":[1],"6":[1],"7":[0]},"fnMap":{"0":{"name":"extraReducers","decl":{"start":{"line":29,"column":17},"end":{"line":42,"column":3}},"loc":{"start":{"line":29,"column":17},"end":{"line":42,"column":3}},"line":29}},"f":{"0":2}}
,"C:\\Users\\Катя\\dev\\stellar-burgers\\src\\slices\\orderNumberSlice.ts": {"path":"C:\\Users\\Катя\\dev\\stellar-burgers\\src\\slices\\orderNumberSlice.ts","all":false,"statementMap":{"0":{"start":{"line":1,"column":0},"end":{"line":1,"column":43}},"1":{"start":{"line":2,"column":0},"end":{"line":2,"column":65}},"2":{"start":{"line":3,"column":0},"end":{"line":3,"column":38}},"3":{"start":{"line":4,"column":0},"end":{"line":4,"column":0}},"4":{"start":{"line":5,"column":0},"end":{"line":5,"column":22}},"5":{"start":{"line":6,"column":0},"end":{"line":6,"column":30}},"6":{"start":{"line":7,"column":0},"end":{"line":7,"column":27}},"7":{"start":{"line":8,"column":0},"end":{"line":8,"column":23}},"8":{"start":{"line":9,"column":0},"end":{"line":9,"column":1}},"9":{"start":{"line":10,"column":0},"end":{"line":10,"column":0}},"10":{"start":{"line":11,"column":0},"end":{"line":11,"column":34}},"11":{"start":{"line":12,"column":0},"end":{"line":12,"column":21}},"12":{"start":{"line":13,"column":0},"end":{"line":13,"column":25}},"13":{"start":{"line":14,"column":0},"end":{"line":14,"column":13}},"14":{"start":{"line":15,"column":0},"end":{"line":15,"column":2}},"15":{"start":{"line":16,"column":0},"end":{"line":16,"column":0}},"16":{"start":{"line":17,"column":0},"end":{"line":17,"column":51}},"17":{"start":{"line":18,"column":0},"end":{"line":18,"column":29}},"18":{"start":{"line":19,"column":0},"end":{"line":19,"column":34}},"19":{"start":{"line":20,"column":0},"end":{"line":20,"column":60}},"20":{"start":{"line":21,"column":0},"end":{"line":21,"column":30}},"21":{"start":{"line":22,"column":0},"end":{"line":22,"column":3}},"22":{"start":{"line":23,"column":0},"end":{"line":23,"column":2}},"23":{"start":{"line":24,"column":0},"end":{"line":24,"column":0}},"24":{"start":{"line":25,"column":0},"end":{"line":25,"column":38}},"25":{"start":{"line":26,"column":0},"end":{"line":26,"column":23}},"26":{"start":{"line":27,"column":0},"end":{"line":27,"column":15}},"27":{"start":{"line":28,"column":0},"end":{"line":28,"column":15}},"28":{"start":{"line":29,"column":0},"end":{"line":29,"column":31}},"29":{"start":{"line":30,"column":0},"end":{"line":30,"column":11}},"30":{"start":{"line":31,"column":0},"end":{"line":31,"column":55}},"31":{"start":{"line":32,"column":0},"end":{"line":32,"column":38}},"32":{"start":{"line":33,"column":0},"end":{"line":33,"column":27}},"33":{"start":{"line":34,"column":0},"end":{"line":34,"column":8}},"34":{"start":{"line":35,"column":0},"end":{"line":35,"column":65}},"35":{"start":{"line":36,"column":0},"end":{"line":36,"column":37}},"36":{"start":{"line":37,"column":0},"end":{"line":37,"column":44}},"37":{"start":{"line":38,"column":0},"end":{"line":38,"column":8}},"38":{"start":{"line":39,"column":0},"end":{"line":39,"column":64}},"39":{"start":{"line":40,"column":0},"end":{"line":40,"column":38}},"40":{"start":{"line":41,"column":0},"end":{"line":41,"column":69}},"41":{"start":{"line":42,"column":0},"end":{"line":42,"column":9}},"42":{"start":{"line":43,"column":0},"end":{"line":43,"column":3}},"43":{"start":{"line":44,"column":0},"end":{"line":44,"column":3}},"44":{"start":{"line":45,"column":0},"end":{"line":45,"column":0}},"45":{"start":{"line":46,"column":0},"end":{"line":46,"column":40}}},"s":{"0":1,"1":1,"2":1,"3":1,"4":1,"5":1,"6":1,"7":1,"8":1,"9":1,"10":1,"11":1,"12":1,"13":1,"14":1,"15":1,"16":1,"17":1,"18":1,"19":3,"20":3,"21":3,"22":1,"23":1,"24":1,"25":1,"26":1,"27":1,"28":1,"29":2,"30":2,"31":3,"32":3,"33":2,"34":2,"35":1,"36":1,"37":2,"38":2,"39":1,"40":1,"41":2,"42":2,"43":1,"44":1,"45":1},"branchMap":{"0":{"type":"branch","line":19,"loc":{"start":{"line":19,"column":2},"end":{"line":22,"column":3}},"locations":[{"start":{"line":19,"column":2},"end":{"line":22,"column":3}}]},"1":{"type":"branch","line":19,"loc":{"start":{"line":19,"column":28},"end":{"line":22,"column":3}},"locations":[{"start":{"line":19,"column":28},"end":{"line":22,"column":3}}]},"2":{"type":"branch","line":20,"loc":{"start":{"line":20,"column":21},"end":{"line":20,"column":60}},"locations":[{"start":{"line":20,"column":21},"end":{"line":20,"column":60}}]},"3":{"type":"branch","line":29,"loc":{"start":{"line":29,"column":17},"end":{"line":43,"column":3}},"locations":[{"start":{"line":29,"column":17},"end":{"line":43,"column":3}}]},"4":{"type":"branch","line":31,"loc":{"start":{"line":31,"column":43},"end":{"line":34,"column":7}},"locations":[{"start":{"line":31,"column":43},"end":{"line":34,"column":7}}]},"5":{"type":"branch","line":35,"loc":{"start":{"line":35,"column":45},"end":{"line":38,"column":7}},"locations":[{"start":{"line":35,"column":45},"end":{"line":38,"column":7}}]},"6":{"type":"branch","line":39,"loc":{"start":{"line":39,"column":44},"end":{"line":42,"column":7}},"locations":[{"start":{"line":39,"column":44},"end":{"line":42,"column":7}}]},"7":{"type":"branch","line":41,"loc":{"start":{"line":41,"column":42},"end":{"line":41,"column":68}},"locations":[{"start":{"line":41,"column":42},"end":{"line":41,"column":68}}]}},"b":{"0":[3],"1":[3],"2":[3],"3":[2],"4":[3],"5":[1],"6":[1],"7":[0]},"fnMap":{"0":{"name":"extraReducers","decl":{"start":{"line":29,"column":17},"end":{"line":43,"column":3}},"loc":{"start":{"line":29,"column":17},"end":{"line":43,"column":3}},"line":29}},"f":{"0":2}}
,"C:\\Users\\Катя\\dev\\stellar-burgers\\src\\slices\\orderSlice.ts": {"path":"C:\\Users\\Катя\\dev\\stellar-burgers\\src\\slices\\orderSlice.ts","all":false,"statementMap":{"0":{"start":{"line":1,"column":0},"end":{"line":1,"column":65}},"1":{"start":{"line":2,"column":0},"end":{"line":2,"column":38}},"2":{"start":{"line":3,"column":0},"end":{"line":3,"column":38}},"3":{"start":{"line":4,"column":0},"end":{"line":4,"column":0}},"4":{"start":{"line":5,"column":0},"end":{"line":5,"column":22}},"5":{"start":{"line":6,"column":0},"end":{"line":6,"column":24}},"6":{"start":{"line":7,"column":0},"end":{"line":7,"column":32}},"7":{"start":{"line":8,"column":0},"end":{"line":8,"column":23}},"8":{"start":{"line":9,"column":0},"end":{"line":9,"column":1}},"9":{"start":{"line":10,"column":0},"end":{"line":10,"column":0}},"10":{"start":{"line":11,"column":0},"end":{"line":11,"column":34}},"11":{"start":{"line":12,"column":0},"end":{"line":12,"column":22}},"12":{"start":{"line":13,"column":0},"end":{"line":13,"column":23}},"13":{"start":{"line":14,"column":0},"end":{"line":14,"column":13}},"14":{"start":{"line":15,"column":0},"end":{"line":15,"column":2}},"15":{"start":{"line":16,"column":0},"end":{"line":16,"column":0}},"16":{"start":{"line":17,"column":0},"end":{"line":17,"column":43}},"17":{"start":{"line":18,"column":0},"end":{"line":18,"column":22}},"18":{"start":{"line":19,"column":0},"end":{"line":19,"column":36}},"19":{"start":{"line":20,"column":0},"end":{"line":20,"column":55}},"20":{"start":{"line":21,"column":0},"end":{"line":21,"column":20}},"21":{"start":{"line":22,"column":0},"end":{"line":22,"column":3}},"22":{"start":{"line":23,"column":0},"end":{"line":23,"column":2}},"23":{"start":{"line":24,"column":0},"end":{"line":24,"column":0}},"24":{"start":{"line":25,"column":0},"end":{"line":25,"column":32}},"25":{"start":{"line":26,"column":0},"end":{"line":26,"column":16}},"26":{"start":{"line":27,"column":0},"end":{"line":27,"column":15}},"27":{"start":{"line":28,"column":0},"end":{"line":28,"column":13}},"28":{"start":{"line":29,"column":0},"end":{"line":29,"column":29}},"29":{"start":{"line":30,"column":0},"end":{"line":30,"column":32}},"30":{"start":{"line":31,"column":0},"end":{"line":31,"column":6}},"31":{"start":{"line":32,"column":0},"end":{"line":32,"column":23}},"32":{"start":{"line":33,"column":0},"end":{"line":33,"column":33}},"33":{"start":{"line":34,"column":0},"end":{"line":34,"column":34}},"34":{"start":{"line":35,"column":0},"end":{"line":35,"column":25}},"35":{"start":{"line":36,"column":0},"end":{"line":36,"column":5}},"36":{"start":{"line":37,"column":0},"end":{"line":37,"column":4}},"37":{"start":{"line":38,"column":0},"end":{"line":38,"column":31}},"38":{"start":{"line":39,"column":0},"end":{"line":39,"column":11}},"39":{"start":{"line":40,"column":0},"end":{"line":40,"column":47}},"40":{"start":{"line":41,"column":0},"end":{"line":41,"column":34}},"41":{"start":{"line":42,"column":0},"end":{"line":42,"column":27}},"42":{"start":{"line":43,"column":0},"end":{"line":43,"column":8}},"43":{"start":{"line":44,"column":0},"end":{"line":44,"column":57}},"44":{"start":{"line":45,"column":0},"end":{"line":45,"column":35}},"45":{"start":{"line":46,"column":0},"end":{"line":46,"column":52}},"46":{"start":{"line":47,"column":0},"end":{"line":47,"column":8}},"47":{"start":{"line":48,"column":0},"end":{"line":48,"column":56}},"48":{"start":{"line":49,"column":0},"end":{"line":49,"column":35}},"49":{"start":{"line":50,"column":0},"end":{"line":50,"column":69}},"50":{"start":{"line":51,"column":0},"end":{"line":51,"column":9}},"51":{"start":{"line":52,"column":0},"end":{"line":52,"column":3}},"52":{"start":{"line":53,"column":0},"end":{"line":53,"column":3}},"53":{"start":{"line":54,"column":0},"end":{"line":54,"column":0}},"54":{"start":{"line":55,"column":0},"end":{"line":55,"column":67}},"55":{"start":{"line":56,"column":0},"end":{"line":56,"column":34}}},"s":{"0":1,"1":1,"2":1,"3":1,"4":1,"5":1,"6":1,"7":1,"8":1,"9":1,"10":1,"11":1,"12":1,"13":1,"14":1,"15":1,"16":1,"17":1,"18":1,"19":4,"20":4,"21":4,"22":1,"23":1,"24":1,"25":1,"26":1,"27":1,"28":1,"29":2,"30":1,"31":1,"32":1,"33":1,"34":1,"35":1,"36":1,"37":1,"38":2,"39":2,"40":4,"41":4,"42":2,"43":2,"44":1,"45":1,"46":2,"47":2,"48":2,"49":2,"50":2,"51":2,"52":1,"53":1,"54":1,"55":1},"branchMap":{"0":{"type":"branch","line":19,"loc":{"start":{"line":19,"column":2},"end":{"line":22,"column":3}},"locations":[{"start":{"line":19,"column":2},"end":{"line":22,"column":3}}]},"1":{"type":"branch","line":19,"loc":{"start":{"line":19,"column":30},"end":{"line":22,"column":3}},"locations":[{"start":{"line":19,"column":30},"end":{"line":22,"column":3}}]},"2":{"type":"branch","line":20,"loc":{"start":{"line":20,"column":21},"end":{"line":20,"column":55}},"locations":[{"start":{"line":20,"column":21},"end":{"line":20,"column":55}}]},"3":{"type":"branch","line":29,"loc":{"start":{"line":29,"column":20},"end":{"line":31,"column":5}},"locations":[{"start":{"line":29,"column":20},"end":{"line":31,"column":5}}]},"4":{"type":"branch","line":32,"loc":{"start":{"line":32,"column":14},"end":{"line":36,"column":5}},"locations":[{"start":{"line":32,"column":14},"end":{"line":36,"column":5}}]},"5":{"type":"branch","line":38,"loc":{"start":{"line":38,"column":17},"end":{"line":52,"column":3}},"locations":[{"start":{"line":38,"column":17},"end":{"line":52,"column":3}}]},"6":{"type":"branch","line":40,"loc":{"start":{"line":40,"column":35},"end":{"line":43,"column":7}},"locations":[{"start":{"line":40,"column":35},"end":{"line":43,"column":7}}]},"7":{"type":"branch","line":44,"loc":{"start":{"line":44,"column":37},"end":{"line":47,"column":7}},"locations":[{"start":{"line":44,"column":37},"end":{"line":47,"column":7}}]},"8":{"type":"branch","line":48,"loc":{"start":{"line":48,"column":36},"end":{"line":51,"column":7}},"locations":[{"start":{"line":48,"column":36},"end":{"line":51,"column":7}}]},"9":{"type":"branch","line":50,"loc":{"start":{"line":50,"column":42},"end":{"line":50,"column":68}},"locations":[{"start":{"line":50,"column":42},"end":{"line":50,"column":68}}]}},"b":{"0":[4],"1":[4],"2":[4],"3":[2],"4":[1],"5":[2],"6":[4],"7":[1],"8":[2],"9":[0]},"fnMap":{"0":{"name":"handleOrderClick","decl":{"start":{"line":29,"column":20},"end":{"line":31,"column":5}},"loc":{"start":{"line":29,"column":20},"end":{"line":31,"column":5}},"line":29},"1":{"name":"resetOrder","decl":{"start":{"line":32,"column":14},"end":{"line":36,"column":5}},"loc":{"start":{"line":32,"column":14},"end":{"line":36,"column":5}},"line":32},"2":{"name":"extraReducers","decl":{"start":{"line":38,"column":17},"end":{"line":52,"column":3}},"loc":{"start":{"line":38,"column":17},"end":{"line":52,"column":3}},"line":38}},"f":{"0":2,"1":1,"2":2}}
,"C:\\Users\\Катя\\dev\\stellar-burgers\\src\\slices\\ordersProfileSlice.ts": {"path":"C:\\Users\\Катя\\dev\\stellar-burgers\\src\\slices\\ordersProfileSlice.ts","all":false,"statementMap":{"0":{"start":{"line":1,"column":0},"end":{"line":1,"column":36}},"1":{"start":{"line":2,"column":0},"end":{"line":2,"column":65}},"2":{"start":{"line":3,"column":0},"end":{"line":3,"column":38}},"3":{"start":{"line":4,"column":0},"end":{"line":4,"column":0}},"4":{"start":{"line":5,"column":0},"end":{"line":5,"column":30}},"5":{"start":{"line":6,"column":0},"end":{"line":6,"column":26}},"6":{"start":{"line":7,"column":0},"end":{"line":7,"column":27}},"7":{"start":{"line":8,"column":0},"end":{"line":8,"column":23}},"8":{"start":{"line":9,"column":0},"end":{"line":9,"column":1}},"9":{"start":{"line":10,"column":0},"end":{"line":10,"column":0}},"10":{"start":{"line":11,"column":0},"end":{"line":11,"column":42}},"11":{"start":{"line":12,"column":0},"end":{"line":12,"column":20}},"12":{"start":{"line":13,"column":0},"end":{"line":13,"column":24}},"13":{"start":{"line":14,"column":0},"end":{"line":14,"column":13}},"14":{"start":{"line":15,"column":0},"end":{"line":15,"column":2}},"15":{"start":{"line":16,"column":0},"end":{"line":16,"column":0}},"16":{"start":{"line":17,"column":0},"end":{"line":17,"column":51}},"17":{"start":{"line":18,"column":0},"end":{"line":18,"column":30}},"18":{"start":{"line":19,"column":0},"end":{"line":19,"column":15}},"19":{"start":{"line":20,"column":0},"end":{"line":20,"column":40}},"20":{"start":{"line":21,"column":0},"end":{"line":21,"column":18}},"21":{"start":{"line":22,"column":0},"end":{"line":22,"column":3}},"22":{"start":{"line":23,"column":0},"end":{"line":23,"column":2}},"23":{"start":{"line":24,"column":0},"end":{"line":24,"column":0}},"24":{"start":{"line":25,"column":0},"end":{"line":25,"column":40}},"25":{"start":{"line":26,"column":0},"end":{"line":26,"column":29}},"26":{"start":{"line":27,"column":0},"end":{"line":27,"column":15}},"27":{"start":{"line":28,"column":0},"end":{"line":28,"column":15}},"28":{"start":{"line":29,"column":0},"end":{"line":29,"column":31}},"29":{"start":{"line":30,"column":0},"end":{"line":30,"column":11}},"30":{"start":{"line":31,"column":0},"end":{"line":31,"column":55}},"31":{"start":{"line":32,"column":0},"end":{"line":32,"column":37}},"32":{"start":{"line":33,"column":0},"end":{"line":33,"column":8}},"33":{"start":{"line":34,"column":0},"end":{"line":34,"column":65}},"34":{"start":{"line":35,"column":0},"end":{"line":35,"column":38}},"35":{"start":{"line":36,"column":0},"end":{"line":36,"column":45}},"36":{"start":{"line":37,"column":0},"end":{"line":37,"column":8}},"37":{"start":{"line":38,"column":0},"end":{"line":38,"column":64}},"38":{"start":{"line":39,"column":0},"end":{"line":39,"column":38}},"39":{"start":{"line":40,"column":0},"end":{"line":40,"column":69}},"40":{"start":{"line":41,"column":0},"end":{"line":41,"column":9}},"41":{"start":{"line":42,"column":0},"end":{"line":42,"column":3}},"42":{"start":{"line":43,"column":0},"end":{"line":43,"column":3}},"43":{"start":{"line":44,"column":0},"end":{"line":44,"column":0}},"44":{"start":{"line":45,"column":0},"end":{"line":45,"column":42}}},"s":{"0":1,"1":1,"2":1,"3":1,"4":1,"5":1,"6":1,"7":1,"8":1,"9":1,"10":1,"11":1,"12":1,"13":1,"14":1,"15":1,"16":1,"17":1,"18":1,"19":3,"20":3,"21":3,"22":1,"23":1,"24":1,"25":1,"26":1,"27":1,"28":1,"29":2,"30":2,"31":3,"32":2,"33":2,"34":1,"35":1,"36":2,"37":2,"38":1,"39":1,"40":2,"41":2,"42":1,"43":1,"44":1},"branchMap":{"0":{"type":"branch","line":19,"loc":{"start":{"line":19,"column":2},"end":{"line":22,"column":3}},"locations":[{"start":{"line":19,"column":2},"end":{"line":22,"column":3}}]},"1":{"type":"branch","line":19,"loc":{"start":{"line":19,"column":2},"end":{"line":22,"column":3}},"locations":[{"start":{"line":19,"column":2},"end":{"line":22,"column":3}}]},"2":{"type":"branch","line":20,"loc":{"start":{"line":20,"column":19},"end":{"line":20,"column":40}},"locations":[{"start":{"line":20,"column":19},"end":{"line":20,"column":40}}]},"3":{"type":"branch","line":29,"loc":{"start":{"line":29,"column":17},"end":{"line":42,"column":3}},"locations":[{"start":{"line":29,"column":17},"end":{"line":42,"column":3}}]},"4":{"type":"branch","line":31,"loc":{"start":{"line":31,"column":43},"end":{"line":33,"column":7}},"locations":[{"start":{"line":31,"column":43},"end":{"line":33,"column":7}}]},"5":{"type":"branch","line":34,"loc":{"start":{"line":34,"column":45},"end":{"line":37,"column":7}},"locations":[{"start":{"line":34,"column":45},"end":{"line":37,"column":7}}]},"6":{"type":"branch","line":38,"loc":{"start":{"line":38,"column":44},"end":{"line":41,"column":7}},"locations":[{"start":{"line":38,"column":44},"end":{"line":41,"column":7}}]},"7":{"type":"branch","line":40,"loc":{"start":{"line":40,"column":42},"end":{"line":40,"column":68}},"locations":[{"start":{"line":40,"column":42},"end":{"line":40,"column":68}}]}},"b":{"0":[3],"1":[3],"2":[3],"3":[2],"4":[3],"5":[1],"6":[1],"7":[0]},"fnMap":{"0":{"name":"extraReducers","decl":{"start":{"line":29,"column":17},"end":{"line":42,"column":3}},"loc":{"start":{"line":29,"column":17},"end":{"line":42,"column":3}},"line":29}},"f":{"0":2}}
,"C:\\Users\\Катя\\dev\\stellar-burgers\\src\\slices\\profileModalSlice.ts": {"path":"C:\\Users\\Катя\\dev\\stellar-burgers\\src\\slices\\profileModalSlice.ts","all":false,"statementMap":{"0":{"start":{"line":1,"column":0},"end":{"line":1,"column":62}},"1":{"start":{"line":2,"column":0},"end":{"line":2,"column":38}},"2":{"start":{"line":3,"column":0},"end":{"line":3,"column":0}},"3":{"start":{"line":4,"column":0},"end":{"line":4,"column":29}},"4":{"start":{"line":5,"column":0},"end":{"line":5,"column":35}},"5":{"start":{"line":6,"column":0},"end":{"line":6,"column":23}},"6":{"start":{"line":7,"column":0},"end":{"line":7,"column":1}},"7":{"start":{"line":8,"column":0},"end":{"line":8,"column":0}},"8":{"start":{"line":9,"column":0},"end":{"line":9,"column":41}},"9":{"start":{"line":10,"column":0},"end":{"line":10,"column":26}},"10":{"start":{"line":11,"column":0},"end":{"line":11,"column":13}},"11":{"start":{"line":12,"column":0},"end":{"line":12,"column":2}},"12":{"start":{"line":13,"column":0},"end":{"line":13,"column":0}},"13":{"start":{"line":14,"column":0},"end":{"line":14,"column":39}},"14":{"start":{"line":15,"column":0},"end":{"line":15,"column":24}},"15":{"start":{"line":16,"column":0},"end":{"line":16,"column":15}},"16":{"start":{"line":17,"column":0},"end":{"line":17,"column":13}},"17":{"start":{"line":18,"column":0},"end":{"line":18,"column":24}},"18":{"start":{"line":19,"column":0},"end":{"line":19,"column":12}},"19":{"start":{"line":20,"column":0},"end":{"line":20,"column":64}},"20":{"start":{"line":21,"column":0},"end":{"line":21,"column":7}},"21":{"start":{"line":22,"column":0},"end":{"line":22,"column":47}},"22":{"start":{"line":23,"column":0},"end":{"line":23,"column":27}},"23":{"start":{"line":24,"column":0},"end":{"line":24,"column":0}},"24":{"start":{"line":25,"column":0},"end":{"line":25,"column":31}},"25":{"start":{"line":26,"column":0},"end":{"line":26,"column":64}},"26":{"start":{"line":27,"column":0},"end":{"line":27,"column":5}},"27":{"start":{"line":28,"column":0},"end":{"line":28,"column":3}},"28":{"start":{"line":29,"column":0},"end":{"line":29,"column":3}},"29":{"start":{"line":30,"column":0},"end":{"line":30,"column":0}},"30":{"start":{"line":31,"column":0},"end":{"line":31,"column":65}},"31":{"start":{"line":32,"column":0},"end":{"line":32,"column":41}}},"s":{"0":1,"1":1,"2":1,"3":1,"4":1,"5":1,"6":1,"7":1,"8":1,"9":1,"10":1,"11":1,"12":1,"13":1,"14":1,"15":1,"16":1,"17":1,"18":1,"19":1,"20":1,"21":1,"22":1,"23":1,"24":1,"25":1,"26":1,"27":1,"28":1,"29":1,"30":1,"31":1},"branchMap":{"0":{"type":"branch","line":18,"loc":{"start":{"line":18,"column":23},"end":{"line":27,"column":5}},"locations":[{"start":{"line":18,"column":23},"end":{"line":27,"column":5}}]},"1":{"type":"branch","line":26,"loc":{"start":{"line":26,"column":55},"end":{"line":26,"column":63}},"locations":[{"start":{"line":26,"column":55},"end":{"line":26,"column":63}}]},"2":{"type":"branch","line":26,"loc":{"start":{"line":26,"column":20},"end":{"line":26,"column":36}},"locations":[{"start":{"line":26,"column":20},"end":{"line":26,"column":36}}]}},"b":{"0":[1],"1":[0],"2":[1]},"fnMap":{"0":{"name":"selectOrderByNumber","decl":{"start":{"line":18,"column":23},"end":{"line":27,"column":5}},"loc":{"start":{"line":18,"column":23},"end":{"line":27,"column":5}},"line":18}},"f":{"0":1}}
,"C:\\Users\\Катя\\dev\\stellar-burgers\\src\\slices\\profileSlice.ts": {"path":"C:\\Users\\Катя\\dev\\stellar-burgers\\src\\slices\\profileSlice.ts","all":false,"statementMap":{"0":{"start":{"line":1,"column":0},"end":{"line":1,"column":80}},"1":{"start":{"line":2,"column":0},"end":{"line":2,"column":37}},"2":{"start":{"line":3,"column":0},"end":{"line":3,"column":34}},"3":{"start":{"line":4,"column":0},"end":{"line":4,"column":0}},"4":{"start":{"line":5,"column":0},"end":{"line":5,"column":24}},"5":{"start":{"line":6,"column":0},"end":{"line":6,"column":14}},"6":{"start":{"line":7,"column":0},"end":{"line":7,"column":19}},"7":{"start":{"line":8,"column":0},"end":{"line":8,"column":19}},"8":{"start":{"line":9,"column":0},"end":{"line":9,"column":23}},"9":{"start":{"line":10,"column":0},"end":{"line":10,"column":1}},"10":{"start":{"line":11,"column":0},"end":{"line":11,"column":0}},"11":{"start":{"line":12,"column":0},"end":{"line":12,"column":36}},"12":{"start":{"line":13,"column":0},"end":{"line":13,"column":9}},"13":{"start":{"line":14,"column":0},"end":{"line":14,"column":14}},"14":{"start":{"line":15,"column":0},"end":{"line":15,"column":12}},"15":{"start":{"line":16,"column":0},"end":{"line":16,"column":4}},"16":{"start":{"line":17,"column":0},"end":{"line":17,"column":17}},"17":{"start":{"line":18,"column":0},"end":{"line":18,"column":17}},"18":{"start":{"line":19,"column":0},"end":{"line":19,"column":13}},"19":{"start":{"line":20,"column":0},"end":{"line":20,"column":2}},"20":{"start":{"line":21,"column":0},"end":{"line":21,"column":0}},"21":{"start":{"line":22,"column":0},"end":{"line":22,"column":78}},"22":{"start":{"line":23,"column":0},"end":{"line":23,"column":42}},"23":{"start":{"line":24,"column":0},"end":{"line":24,"column":22}},"24":{"start":{"line":25,"column":0},"end":{"line":25,"column":3}},"25":{"start":{"line":26,"column":0},"end":{"line":26,"column":0}},"26":{"start":{"line":27,"column":0},"end":{"line":27,"column":34}},"27":{"start":{"line":28,"column":0},"end":{"line":28,"column":18}},"28":{"start":{"line":29,"column":0},"end":{"line":29,"column":15}},"29":{"start":{"line":30,"column":0},"end":{"line":30,"column":15}},"30":{"start":{"line":31,"column":0},"end":{"line":31,"column":31}},"31":{"start":{"line":32,"column":0},"end":{"line":32,"column":11}},"32":{"start":{"line":33,"column":0},"end":{"line":33,"column":46}},"33":{"start":{"line":34,"column":0},"end":{"line":34,"column":29}},"34":{"start":{"line":35,"column":0},"end":{"line":35,"column":27}},"35":{"start":{"line":36,"column":0},"end":{"line":36,"column":8}},"36":{"start":{"line":37,"column":0},"end":{"line":37,"column":56}},"37":{"start":{"line":38,"column":0},"end":{"line":38,"column":30}},"38":{"start":{"line":39,"column":0},"end":{"line":39,"column":
[...]
column":54}},"229":{"start":{"line":230,"column":0},"end":{"line":230,"column":6}},"230":{"start":{"line":231,"column":0},"end":{"line":231,"column":26}},"231":{"start":{"line":232,"column":0},"end":{"line":232,"column":49}},"232":{"start":{"line":233,"column":0},"end":{"line":233,"column":6}},"233":{"start":{"line":234,"column":0},"end":{"line":234,"column":60}}},"s":{"0":1,"1":1,"2":1,"3":1,"4":1,"5":1,"6":14,"7":1,"8":1,"9":1,"10":1,"11":1,"12":1,"13":1,"14":1,"15":1,"16":1,"17":2,"18":2,"19":2,"20":2,"21":2,"22":2,"23":2,"24":2,"25":2,"26":2,"27":2,"28":1,"29":0,"30":0,"31":1,"32":1,"33":1,"34":2,"35":1,"36":1,"37":7,"38":7,"39":7,"40":7,"41":7,"42":7,"43":7,"44":7,"45":0,"46":7,"47":7,"48":7,"49":7,"50":7,"51":7,"52":7,"53":7,"54":7,"55":7,"56":7,"57":1,"58":1,"59":1,"60":1,"61":1,"62":1,"63":1,"64":1,"65":1,"66":1,"67":1,"68":1,"69":1,"70":1,"71":1,"72":1,"73":6,"74":6,"75":6,"76":2,"77":0,"78":6,"79":1,"80":1,"81":3,"82":3,"83":3,"84":1,"85":0,"86":3,"87":1,"88":1,"89":3,"90":3,"91":3,"92":3,"93":3,"94":3,"95":3,"96":1,"97":0,"98":3,"99":1,"100":1,"101":1,"102":1,"103":1,"104":1,"105":1,"106":4,"107":4,"108":4,"109":4,"110":4,"111":4,"112":4,"113":4,"114":4,"115":4,"116":1,"117":0,"118":4,"119":1,"120":1,"121":1,"122":1,"123":1,"124":1,"125":3,"126":3,"127":3,"128":3,"129":3,"130":3,"131":1,"132":1,"133":1,"134":1,"135":1,"136":1,"137":1,"138":1,"139":1,"140":1,"141":1,"142":1,"143":1,"144":1,"145":4,"146":4,"147":4,"148":4,"149":4,"150":4,"151":4,"152":4,"153":4,"154":2,"155":0,"156":4,"157":1,"158":1,"159":1,"160":1,"161":1,"162":1,"163":1,"164":4,"165":4,"166":4,"167":4,"168":4,"169":4,"170":4,"171":4,"172":4,"173":2,"174":0,"175":4,"176":1,"177":1,"178":0,"179":0,"180":0,"181":0,"182":0,"183":0,"184":0,"185":0,"186":0,"187":0,"188":0,"189":0,"190":1,"191":1,"192":0,"193":0,"194":0,"195":0,"196":0,"197":0,"198":0,"199":0,"200":0,"201":0,"202":0,"203":0,"204":1,"205":1,"206":1,"207":1,"208":3,"209":3,"210":3,"211":3,"212":3,"213":1,"214":1,"215":0,"216":0,"217":0,"218":0,"219":0,"220":0,"221":0,"222":0,"223":1,"224":1,"225":3,"226":3,"227":3,"228":3,"229":3,"230":3,"231":3,"232":3,"233":3},"branchMap":{"0":{"type":"branch","line":6,"loc":{"start":{"line":6,"column":22},"end":{"line":7,"column":70}},"locations":[{"start":{"line":6,"column":22},"end":{"line":7,"column":70}}]},"1":{"type":"branch","line":7,"loc":{"start":{"line":7,"column":9},"end":{"line":7,"column":21}},"locations":[{"start":{"line":7,"column":9},"end":{"line":7,"column":21}}]},"2":{"type":"branch","line":7,"loc":{"start":{"line":7,"column":22},"end":{"line":7,"column":69}},"locations":[{"start":{"line":7,"column":22},"end":{"line":7,"column":69}}]},"3":{"type":"branch","line":7,"loc":{"start":{"line":7,"column":40},"end":{"line":7,"column":56}},"locations":[{"start":{"line":7,"column":40},"end":{"line":7,"column":56}}]},"4":{"type":"branch","line":17,"loc":{"start":{"line":17,"column":28},"end":{"line":35,"column":7}},"locations":[{"start":{"line":17,"column":28},"end":{"line":35,"column":7}}]},"5":{"type":"branch","line":27,"loc":{"start":{"line":27,"column":10},"end":{"line":27,"column":32}},"locations":[{"start":{"line":27,"column":10},"end":{"line":27,"column":32}}]},"6":{"type":"branch","line":28,"loc":{"start":{"line":28,"column":10},"end":{"line":35,"column":5}},"locations":[{"start":{"line":28,"column":10},"end":{"line":35,"column":5}}]},"7":{"type":"branch","line":29,"loc":{"start":{"line":29,"column":32},"end":{"line":31,"column":7}},"locations":[{"start":{"line":29,"column":32},"end":{"line":31,"column":7}}]},"8":{"type":"branch","line":37,"loc":{"start":{"line":37,"column":32},"end":{"line":57,"column":2}},"locations":[{"start":{"line":37,"column":32},"end":{"line":57,"column":2}}]},"9":{"type":"branch","line":40,"loc":{"start":{"line":40,"column":-2},"end":{"line":57,"column":2}},"locations":[{"start":{"line":40,"column":-2},"end":{"line":57,"column":2}}]},"10":{"type":"branch","line":43,"loc":{"start":{"line":43,"column":4},"end":{"line":43,"column":39}},"locations":[{"start":{"line":43,"column":4},"end":{"line":43,"column":39}}]},"11":{"type":"branch","line":45,"loc":{"start":{"line":45,"column":62},"end":{"line":46,"column":47}},"locations":[{"start":{"line":45,"column":62},"end":{"line":46,"column":47}}]},"12":{"type":"branch","line":52,"loc":{"start":{"line":52,"column":6},"end":{"line":52,"column":41}},"locations":[{"start":{"line":52,"column":6},"end":{"line":52,"column":41}}]},"13":{"type":"branch","line":54,"loc":{"start":{"line":54,"column":6},"end":{"line":54,"column":33}},"locations":[{"start":{"line":54,"column":6},"end":{"line":54,"column":33}}]},"14":{"type":"branch","line":73,"loc":{"start":{"line":73,"column":33},"end":{"line":79,"column":7}},"locations":[{"start":{"line":73,"column":33},"end":{"line":79,"column":7}}]},"15":{"type":"branch","line":75,"loc":{"start":{"line":75,"column":10},"end":{"line":75,"column":32}},"locations":[{"start":{"line":75,"column":10},"end":{"line":75,"column":32}}]},"16":{"type":"branch","line":76,"loc":{"start":{"line":76,"column":10},"end":{"line":79,"column":5}},"locations":[{"start":{"line":76,"column":10},"end":{"line":79,"column":5}}]},"17":{"type":"branch","line":77,"loc":{"start":{"line":77,"column":14},"end":{"line":77,"column":16}},"locations":[{"start":{"line":77,"column":14},"end":{"line":77,"column":16}}]},"18":{"type":"branch","line":78,"loc":{"start":{"line":78,"column":-2},"end":{"line":79,"column":5}},"locations":[{"start":{"line":78,"column":-2},"end":{"line":79,"column":5}}]},"19":{"type":"branch","line":81,"loc":{"start":{"line":81,"column":27},"end":{"line":87,"column":7}},"locations":[{"start":{"line":81,"column":27},"end":{"line":87,"column":7}}]},"20":{"type":"branch","line":83,"loc":{"start":{"line":83,"column":10},"end":{"line":83,"column":32}},"locations":[{"start":{"line":83,"column":10},"end":{"line":83,"column":32}}]},"21":{"type":"branch","line":84,"loc":{"start":{"line":84,"column":10},"end":{"line":87,"column":5}},"locations":[{"start":{"line":84,"column":10},"end":{"line":87,"column":5}}]},"22":{"type":"branch","line":85,"loc":{"start":{"line":85,"column":14},"end":{"line":85,"column":16}},"locations":[{"start":{"line":85,"column":14},"end":{"line":85,"column":16}}]},"23":{"type":"branch","line":86,"loc":{"start":{"line":86,"column":-2},"end":{"line":87,"column":5}},"locations":[{"start":{"line":86,"column":-2},"end":{"line":87,"column":5}}]},"24":{"type":"branch","line":89,"loc":{"start":{"line":89,"column":28},"end":{"line":99,"column":5}},"locations":[{"start":{"line":89,"column":28},"end":{"line":99,"column":5}}]},"25":{"type":"branch","line":96,"loc":{"start":{"line":96,"column":10},"end":{"line":99,"column":3}},"locations":[{"start":{"line":96,"column":10},"end":{"line":99,"column":3}}]},"26":{"type":"branch","line":97,"loc":{"start":{"line":97,"column":12},"end":{"line":97,"column":14}},"locations":[{"start":{"line":97,"column":12},"end":{"line":97,"column":14}}]},"27":{"type":"branch","line":98,"loc":{"start":{"line":98,"column":-2},"end":{"line":99,"column":3}},"locations":[{"start":{"line":98,"column":-2},"end":{"line":99,"column":3}}]},"28":{"type":"branch","line":106,"loc":{"start":{"line":106,"column":30},"end":{"line":119,"column":5}},"locations":[{"start":{"line":106,"column":30},"end":{"line":119,"column":5}}]},"29":{"type":"branch","line":116,"loc":{"start":{"line":116,"column":10},"end":{"line":119,"column":3}},"locations":[{"start":{"line":116,"column":10},"end":{"line":119,"column":3}}]},"30":{"type":"branch","line":117,"loc":{"start":{"line":117,"column":12},"end":{"line":117,"column":14}},"locations":[{"start":{"line":117,"column":12},"end":{"line":117,"column":14}}]},"31":{"type":"branch","line":118,"loc":{"start":{"line":118,"column":-2},"end":{"line":119,"column":3}},"locations":[{"start":{"line":118,"column":-2},"end":{"line":119,"column":3}}]},"32":{"type":"branch","line":125,"loc":{"start":{"line":125,"column":35},"end":{"line":131,"column":55}},"locations":[{"start":{"line":125,"column":35},"end":{"line":131,"column":55}}]},"33":{"type":"branch","line":131,"loc":{"start":{"line":131,"column":10},"end":{"line":131,"column":32}},"locations":[{"start":{"line":131,"column":10},"end":{"line":131,"column":32}}]},"34":{"type":"branch","line":145,"loc":{"start":{"line":145,"column":31},"end":{"line":157,"column":7}},"locations":[{"start":{"line":145,"column":31},"end":{"line":157,"column":7}}]},"35":{"type":"branch","line":153,"loc":{"start":{"line":153,"column":10},"end":{"line":153,"column":32}},"locations":[{"start":{"line":153,"column":10},"end":{"line":153,"column":32}}]},"36":{"type":"branch","line":154,"loc":{"start":{"line":154,"column":10},"end":{"line":157,"column":5}},"locations":[{"start":{"line":154,"column":10},"end":{"line":157,"column":5}}]},"37":{"type":"branch","line":155,"loc":{"start":{"line":155,"column":14},"end":{"line":155,"column":16}},"locations":[{"start":{"line":155,"column":14},"end":{"line":155,"column":16}}]},"38":{"type":"branch","line":156,"loc":{"start":{"line":156,"column":-2},"end":{"line":157,"column":5}},"locations":[{"start":{"line":156,"column":-2},"end":{"line":157,"column":5}}]},"39":{"type":"branch","line":164,"loc":{"start":{"line":164,"column":28},"end":{"line":176,"column":7}},"locations":[{"start":{"line":164,"column":28},"end":{"line":176,"column":7}}]},"40":{"type":"branch","line":172,"loc":{"start":{"line":172,"column":10},"end":{"line":172,"column":32}},"locations":[{"start":{"line":172,"column":10},"end":{"line":172,"column":32}}]},"41":{"type":"branch","line":173,"loc":{"start":{"line":173,"column":10},"end":{"line":176,"column":5}},"locations":[{"start":{"line":173,"column":10},"end":{"line":176,"column":5}}]},"42":{"type":"branch","line":174,"loc":{"start":{"line":174,"column":14},"end":{"line":174,"column":16}},"locations":[{"start":{"line":174,"column":14},"end":{"line":174,"column":16}}]},"43":{"type":"branch","line":175,"loc":{"start":{"line":175,"column":-2},"end":{"line":176,"column":5}},"locations":[{"start":{"line":175,"column":-2},"end":{"line":176,"column":5}}]},"44":{"type":"branch","line":208,"loc":{"start":{"line":208,"column":26},"end":{"line":213,"column":5}},"locations":[{"start":{"line":208,"column":26},"end":{"line":213,"column":5}}]},"45":{"type":"branch","line":225,"loc":{"start":{"line":225,"column":25},"end":{"line":234,"column":60}},"locations":[{"start":{"line":225,"column":25},"end":{"line":234,"column":60}}]},"46":{"type":"branch","line":234,"loc":{"start":{"line":234,"column":10},"end":{"line":234,"column":32}},"locations":[{"start":{"line":234,"column":10},"end":{"line":234,"column":32}}]}},"b":{"0":[14],"1":[7],"2":[6],"3":[6],"4":[2],"5":[2],"6":[1],"7":[0],"8":[7],"9":[7],"10":[4],"11":[0],"12":[0],"13":[3],"14":[6],"15":[4],"16":[2],"17":[0],"18":[0],"19":[3],"20":[2],"21":[1],"22":[0],"23":[0],"24":[3],"25":[1],"26":[0],"27":[0],"28":[4],"29":[1],"30":[0],"31":[0],"32":[3],"33":[2],"34":[4],"35":[3],"36":[2],"37":[0],"38":[0],"39":[4],"40":[3],"41":[2],"42":[0],"43":[0],"44":[3],"45":[3],"46":[2]},"fnMap":{"0":{"name":"checkResponse","decl":{"start":{"line":6,"column":22},"end":{"line":7,"column":70}},"loc":{"start":{"line":6,"column":22},"end":{"line":7,"column":70}},"line":6},"1":{"name":"refreshToken","decl":{"start":{"line":17,"column":28},"end":{"line":35,"column":7}},"loc":{"start":{"line":17,"column":28},"end":{"line":35,"column":7}},"line":17},"2":{"name":"fetchWithRefresh","decl":{"start":{"line":37,"column":32},"end":{"line":57,"column":2}},"loc":{"start":{"line":37,"column":32},"end":{"line":57,"column":2}},"line":37},"3":{"name":"getIngredientsApi","decl":{"start":{"line":73,"column":33},"end":{"line":79,"column":7}},"loc":{"start":{"line":73,"column":33},"end":{"line":79,"column":7}},"line":73},"4":{"name":"getFeedsApi","decl":{"start":{"line":81,"column":27},"end":{"line":87,"column":7}},"loc":{"start":{"line":81,"column":27},"end":{"line":87,"column":7}},"line":81},"5":{"name":"getOrdersApi","decl":{"start":{"line":89,"column":28},"end":{"line":99,"column":5}},"loc":{"start":{"line":89,"column":28},"end":{"line":99,"column":5}},"line":89},"6":{"name":"orderBurgerApi","decl":{"start":{"line":106,"column":30},"end":{"line":119,"column":5}},"loc":{"start":{"line":106,"column":30},"end":{"line":119,"column":5}},"line":106},"7":{"name":"getOrderByNumberApi","decl":{"start":{"line":125,"column":35},"end":{"line":131,"column":55}},"loc":{"start":{"line":125,"column":35},"end":{"line":131,"column":55}},"line":125},"8":{"name":"registerUserApi","decl":{"start":{"line":145,"column":31},"end":{"line":157,"column":7}},"loc":{"start":{"line":145,"column":31},"end":{"line":157,"column":7}},"line":145},"9":{"name":"loginUserApi","decl":{"start":{"line":164,"column":28},"end":{"line":176,"column":7}},"loc":{"start":{"line":164,"column":28},"end":{"line":176,"column":7}},"line":164},"10":{"name":"forgotPasswordApi","decl":{"start":{"line":178,"column":33},"end":{"line":190,"column":7}},"loc":{"start":{"line":178,"column":33},"end":{"line":190,"column":7}},"line":178},"11":{"name":"resetPasswordApi","decl":{"start":{"line":192,"column":32},"end":{"line":204,"column":7}},"loc":{"start":{"line":192,"column":32},"end":{"line":204,"column":7}},"line":192},"12":{"name":"getUserApi","decl":{"start":{"line":208,"column":26},"end":{"line":213,"column":5}},"loc":{"start":{"line":208,"column":26},"end":{"line":213,"column":5}},"line":208},"13":{"name":"updateUserApi","decl":{"start":{"line":215,"column":29},"end":{"line":223,"column":5}},"loc":{"start":{"line":215,"column":29},"end":{"line":223,"column":5}},"line":215},"14":{"name":"logoutApi","decl":{"start":{"line":225,"column":25},"end":{"line":234,"column":60}},"loc":{"start":{"line":225,"column":25},"end":{"line":234,"column":60}},"line":225}},"f":{"0":14,"1":2,"2":7,"3":6,"4":3,"5":3,"6":4,"7":3,"8":4,"9":4,"10":0,"11":0,"12":3,"13":0,"14":3}}
,"C:\\Users\\Катя\\dev\\stellar-burgers\\src\\utils\\cookie.ts": {"path":"C:\\Users\\Катя\\dev\\stellar-burgers\\src\\utils\\cookie.ts","all":false,"statementMap":{"0":{"start":{"line":1,"column":0},"end":{"line":1,"column":61}},"1":{"start":{"line":2,"column":0},"end":{"line":2,"column":40}},"2":{"start":{"line":3,"column":0},"end":{"line":3,"column":15}},"3":{"start":{"line":4,"column":0},"end":{"line":4,"column":18}},"4":{"start":{"line":5,"column":0},"end":{"line":5,"column":53}},"5":{"start":{"line":6,"column":0},"end":{"line":6,"column":62}},"6":{"start":{"line":7,"column":0},"end":{"line":7,"column":18}},"7":{"start":{"line":8,"column":0},"end":{"line":8,"column":5}},"8":{"start":{"line":9,"column":0},"end":{"line":9,"column":4}},"9":{"start":{"line":10,"column":0},"end":{"line":10,"column":62}},"10":{"start":{"line":11,"column":0},"end":{"line":11,"column":1}},"11":{"start":{"line":12,"column":0},"end":{"line":12,"column":0}},"12":{"start":{"line":13,"column":0},"end":{"line":13,"column":26}},"13":{"start":{"line":14,"column":0},"end":{"line":14,"column":15}},"14":{"start":{"line":15,"column":0},"end":{"line":15,"column":16}},"15":{"start":{"line":16,"column":0},"end":{"line":16,"column":65}},"16":{"start":{"line":17,"column":0},"end":{"line":17,"column":3}},"17":{"start":{"line":18,"column":0},"end":{"line":18,"column":11}},"18":{"start":{"line":19,"column":0},"end":{"line":19,"column":14}},"19":{"start":{"line":20,"column":0},"end":{"line":20,"column":12}},"20":{"start":{"line":21,"column":0},"end":{"line":21,"column":4}},"21":{"start":{"line":22,"column":0},"end":{"line":22,"column":0}},"22":{"start":{"line":23,"column":0},"end":{"line":23,"column":26}},"23":{"start":{"line":24,"column":0},"end":{"line":24,"column":39}},"24":{"start":{"line":25,"column":0},"end":{"line":25,"column":25}},"25":{"start":{"line":26,"column":0},"end":{"line":26,"column":40}},"26":{"start":{"line":27,"column":0},"end":{"line":27,"column":28}},"27":{"start":{"line":28,"column":0},"end":{"line":28,"column":3}},"28":{"start":{"line":29,"column":0},"end":{"line":29,"column":0}},"29":{"start":{"line":30,"column":0},"end":{"line":30,"column":35}},"30":{"start":{"line":31,"column":0},"end":{"line":31,"column":38}},"31":{"start":{"line":32,"column":0},"end":{"line":32,"column":3}},"32":{"start":{"line":33,"column":0},"end":{"line":33,"column":36}},"33":{"start":{"line":34,"column":0},"end":{"line":34,"column":41}},"34":{"start":{"line":35,"column":0},"end":{"line":35,"column":33}},"35":{"start":{"line":36,"column":0},"end":{"line":36,"column":37}},"36":{"start":{"line":37,"column":0},"end":{"line":37,"column":38}},"37":{"start":{"line":38,"column":0},"end":{"line":38,"column":29}},"38":{"start":{"line":39,"column":0},"end":{"line":39,"column":39}},"39":{"start":{"line":40,"column":0},"end":{"line":40,"column":5}},"40":{"start":{"line":41,"column":0},"end":{"line":41,"column":3}},"41":{"start":{"line":42,"column":0},"end":{"line":42,"column":34}},"42":{"start":{"line":43,"column":0},"end":{"line":43,"column":1}},"43":{"start":{"line":44,"column":0},"end":{"line":44,"column":0}},"44":{"start":{"line":45,"column":0},"end":{"line":45,"column":44}},"45":{"start":{"line":46,"column":0},"end":{"line":46,"column":39}},"46":{"start":{"line":47,"column":0},"end":{"line":47,"column":1}}},"s":{"0":7,"1":7,"2":7,"3":7,"4":7,"5":7,"6":7,"7":7,"8":7,"9":7,"10":7,"11":1,"12":6,"13":6,"14":6,"15":6,"16":6,"17":6,"18":6,"19":6,"20":6,"21":6,"22":6,"23":6,"24":1,"25":1,"26":1,"27":1,"28":6,"29":6,"30":1,"31":1,"32":6,"33":6,"34":6,"35":7,"36":7,"37":7,"38":7,"39":7,"40":7,"41":6,"42":6,"43":1,"44":1,"45":1,"46":1},"branchMap":{"0":{"type":"branch","line":1,"loc":{"start":{"line":1,"column":0},"end":{"line":11,"column":1}},"locations":[{"start":{"line":1,"column":0},"end":{"line":11,"column":1}}]},"1":{"type":"branch","line":10,"loc":{"start":{"line":10,"column":17},"end":{"line":10,"column":49}},"locations":[{"start":{"line":10,"column":17},"end":{"line":10,"column":49}}]},"2":{"type":"branch","line":13,"loc":{"start":{"line":13,"column":0},"end":{"line":43,"column":1}},"locations":[{"start":{"line":13,"column":0},"end":{"line":43,"column":1}}]},"3":{"type":"branch","line":16,"loc":{"start":{"line":16,"column":2},"end":{"line":16,"column":65}},"locations":[{"start":{"line":16,"column":2},"end":{"line":16,"column":65}}]},"4":{"type":"branch","line":24,"loc":{"start":{"line":24,"column":9},"end":{"line":24,"column":36}},"locations":[{"start":{"line":24,"column":9},"end":{"line":24,"column":36}}]},"5":{"type":"branch","line":24,"loc":{"start":{"line":24,"column":38},"end":{"line":28,"column":3}},"locations":[{"start":{"line":24,"column":38},"end":{"line":28,"column":3}}]},"6":{"type":"branch","line":30,"loc":{"start":{"line":30,"column":9},"end":{"line":30,"column":32}},"locations":[{"start":{"line":30,"column":9},"end":{"line":30,"column":32}}]},"7":{"type":"branch","line":30,"loc":{"start":{"line":30,"column":34},"end":{"line":32,"column":3}},"locations":[{"start":{"line":30,"column":34},"end":{"line":32,"column":3}}]},"8":{"type":"branch","line":35,"loc":{"start":{"line":35,"column":32},"end":{"line":41,"column":3}},"locations":[{"start":{"line":35,"column":32},"end":{"line":41,"column":3}}]},"9":{"type":"branch","line":45,"loc":{"start":{"line":45,"column":0},"end":{"line":47,"column":1}},"locations":[{"start":{"line":45,"column":0},"end":{"line":47,"column":1}}]}},"b":{"0":[7],"1":[0],"2":[6],"3":[5],"4":[1],"5":[1],"6":[1],"7":[1],"8":[7],"9":[1]},"fnMap":{"0":{"name":"getCookie","decl":{"start":{"line":1,"column":0},"end":{"line":11,"column":1}},"loc":{"start":{"line":1,"column":0},"end":{"line":11,"column":1}},"line":1},"1":{"name":"setCookie","decl":{"start":{"line":13,"column":0},"end":{"line":43,"column":1}},"loc":{"start":{"line":13,"column":0},"end":{"line":43,"column":1}},"line":13},"2":{"name":"deleteCookie","decl":{"start":{"line":45,"column":0},"end":{"line":47,"column":1}},"loc":{"start":{"line":45,"column":0},"end":{"line":47,"column":1}},"line":45}},"f":{"0":7,"1":6,"2":1}}
}
