TN:
SF:src\services\store.ts
FN:51,useDispatch
FNF:1
FNH:0
FNDA:0,useDispatch
DA:1,1
DA:2,1
DA:3,1
DA:4,1
DA:5,1
DA:6,1
DA:7,1
DA:8,1
DA:9,1
DA:10,1
DA:11,1
DA:12,1
DA:13,1
DA:14,1
DA:15,1
DA:16,1
DA:17,1
DA:18,1
DA:19,1
DA:20,1
DA:21,1
DA:22,1
DA:23,1
DA:24,1
DA:25,1
DA:26,1
DA:27,1
DA:28,1
DA:29,1
DA:30,1
DA:31,1
DA:32,1
DA:33,1
DA:34,1
DA:35,1
DA:36,1
DA:37,1
DA:38,1
DA:39,1
DA:40,1
DA:41,1
DA:42,1
DA:43,1
DA:44,1
DA:45,1
DA:46,1
DA:47,1
DA:48,1
DA:49,1
DA:50,1
DA:51,1
DA:52,1
DA:53,1
DA:54,1
LF:54
LH:54
BRF:0
BRH:0
end_of_record
TN:
SF:src\slices\addFeedSlice.ts
FN:40,extraReducers
FNF:1
FNH:1
FNDA:2,extraReducers
DA:1,1
DA:2,1
DA:3,1
DA:4,1
DA:5,1
DA:6,1
DA:7,1
DA:8,1
DA:9,1
DA:10,1
DA:11,1
DA:12,1
DA:13,1
DA:14,1
DA:15,1
DA:16,1
DA:17,1
DA:18,1
DA:19,1
DA:20,1
DA:21,1
DA:22,1
DA:23,1
DA:24,1
DA:25,1
DA:26,3
DA:27,3
DA:28,3
DA:29,3
DA:30,3
DA:31,3
DA:32,3
DA:33,3
DA:34,1
DA:35,1
DA:36,1
DA:37,1
DA:38,1
DA:39,1
DA:40,1
DA:41,2
DA:42,2
DA:43,3
DA:44,3
DA:45,2
DA:46,2
DA:47,1
DA:48,1
DA:49,1
DA:50,1
DA:51,1
DA:52,2
DA:53,2
DA:54,1
DA:55,1
DA:56,2
DA:57,2
DA:58,1
DA:59,1
DA:60,1
LF:60
LH:60
BRDA:25,0,0,3
BRDA:25,1,0,3
BRDA:26,2,0,3
BRDA:40,3,0,2
BRDA:42,4,0,3
BRDA:46,5,0,1
BRDA:53,6,0,1
BRDA:55,7,0,0
BRF:8
BRH:7
end_of_record
TN:
SF:src\slices\addIngredientSlice.ts
FN:29,reducer
FN:43,prepare
FN:47,resetIngredients
FN:51,handleDeleteIngredient
FN:58,handleMoveDownIngredient
FN:66,handleMoveUpIngredient
FNF:6
FNH:6
FNDA:2,reducer
FNDA:2,prepare
FNDA:1,resetIngredients
FNDA:1,handleDeleteIngredient
FNDA:1,handleMoveDownIngredient
FNDA:1,handleMoveUpIngredient
DA:1,1
DA:2,1
DA:3,1
DA:4,1
DA:5,1
DA:6,1
DA:7,1
DA:8,1
DA:9,1
DA:10,1
DA:11,1
DA:12,1
DA:13,1
DA:14,1
DA:15,1
DA:16,1
DA:17,1
DA:18,1
DA:19,1
DA:20,1
DA:21,1
DA:22,1
DA:23,1
DA:24,1
DA:25,1
DA:26,1
DA:27,1
DA:28,1
DA:29,1
DA:30,2
DA:31,2
DA:32,1
DA:33,1
DA:34,1
DA:35,1
DA:36,1
DA:37,1
DA:38,1
DA:39,1
DA:40,1
DA:41,2
DA:42,1
DA:43,1
DA:44,2
DA:45,2
DA:46,1
DA:47,1
DA:48,1
DA:49,1
DA:50,1
DA:51,1
DA:52,1
DA:53,1
DA:54,1
DA:55,1
DA:56,1
DA:57,1
DA:58,1
DA:59,1
DA:60,1
DA:61,1
DA:62,1
DA:63,1
DA:64,1
DA:65,1
DA:66,1
DA:67,1
DA:68,1
DA:69,1
DA:70,1
DA:71,1
DA:72,1
DA:73,1
DA:74,1
DA:75,1
DA:76,1
DA:77,1
DA:78,1
DA:79,1
DA:80,1
DA:81,1
DA:82,1
DA:83,1
DA:84,1
LF:84
LH:84
BRDA:29,0,0,2
BRDA:31,1,0,1
BRDA:43,2,0,2
BRDA:47,3,0,1
BRDA:51,4,0,1
BRDA:58,5,0,1
BRDA:66,6,0,1
BRF:7
BRH:7
end_of_record
TN:
SF:src\slices\allIngredientsCategorySlice.ts
FN:33,extraReducers
FNF:1
FNH:1
FNDA:2,extraReducers
DA:1,1
DA:2,1
DA:3,1
DA:4,1
DA:5,1
DA:6,1
DA:7,1
DA:8,1
DA:9,1
DA:10,1
DA:11,1
DA:12,1
DA:13,1
DA:14,1
DA:15,1
DA:16,1
DA:17,1
DA:18,1
DA:19,1
DA:20,1
DA:21,1
DA:22,1
DA:23,1
DA:24,3
DA:25,3
DA:26,3
DA:27,1
DA:28,1
DA:29,1
DA:30,1
DA:31,1
DA:32,1
DA:33,1
DA:34,2
DA:35,2
DA:36,3
DA:37,3
DA:38,2
DA:39,2
DA:40,1
DA:41,1
DA:42,1
DA:43,1
DA:44,1
DA:45,2
DA:46,2
DA:47,1
DA:48,1
DA:49,2
DA:50,2
DA:51,1
DA:52,1
DA:53,1
LF:53
LH:53
BRDA:23,0,0,3
BRDA:23,1,0,3
BRDA:24,2,0,3
BRDA:33,3,0,2
BRDA:35,4,0,3
BRDA:39,5,0,1
BRDA:41,6,0,3
BRDA:42,7,0,3
BRDA:43,8,0,3
BRDA:46,9,0,1
BRDA:48,10,0,0
BRF:11
BRH:10
end_of_record
TN:
SF:src\slices\allIngredientsSlice.ts
FN:29,extraReducers
FNF:1
FNH:1
FNDA:2,extraReducers
DA:1,1
DA:2,1
DA:3,1
DA:4,1
DA:5,1
DA:6,1
DA:7,1
DA:8,1
DA:9,1
DA:10,1
DA:11,1
DA:12,1
DA:13,1
DA:14,1
DA:15,1
DA:16,1
DA:17,1
DA:18,1
DA:19,1
DA:20,3
DA:21,3
DA:22,3
DA:23,1
DA:24,1
DA:25,1
DA:26,1
DA:27,1
DA:28,1
DA:29,1
DA:30,2
DA:31,2
DA:32,3
DA:33,3
DA:34,2
DA:35,2
DA:36,1
DA:37,1
DA:38,1
DA:39,2
DA:40,2
DA:41,1
DA:42,1
DA:43,2
DA:44,2
DA:45,1
DA:46,1
DA:47,1
LF:47
LH:47
BRDA:19,0,0,3
BRDA:19,1,0,3
BRDA:20,2,0,3
BRDA:29,3,0,2
BRDA:31,4,0,3
BRDA:35,5,0,1
BRDA:40,6,0,1
BRDA:42,7,0,0
BRF:8
BRH:7
end_of_record
TN:
SF:src\slices\feedModalSlice.ts
FN:26,selectFeedByNumber
FNF:1
FNH:1
FNDA:1,selectFeedByNumber
DA:1,1
DA:2,1
DA:3,1
DA:4,1
DA:5,1
DA:6,1
DA:7,1
DA:8,1
DA:9,1
DA:10,1
DA:11,1
DA:12,1
DA:13,1
DA:14,1
DA:15,1
DA:16,1
DA:17,1
DA:18,1
DA:19,1
DA:20,1
DA:21,1
DA:22,1
DA:23,1
DA:24,1
DA:25,1
DA:26,1
DA:27,1
DA:28,1
DA:29,1
DA:30,1
DA:31,1
DA:32,1
DA:33,1
DA:34,1
DA:35,1
DA:36,1
DA:37,1
DA:38,1
DA:39,1
LF:39
LH:39
BRDA:26,0,0,1
BRDA:33,1,0,0
BRDA:33,2,0,1
BRF:3
BRH:2
end_of_record
TN:
SF:src\slices\ingredientModalSlice.ts
FN:18,selectIngredientById
FNF:1
FNH:1
FNDA:1,selectIngredientById
DA:1,1
DA:2,1
DA:3,1
DA:4,1
DA:5,1
DA:6,1
DA:7,1
DA:8,1
DA:9,1
DA:10,1
DA:11,1
DA:12,1
DA:13,1
DA:14,1
DA:15,1
DA:16,1
DA:17,1
DA:18,1
DA:19,1
DA:20,1
DA:21,1
DA:22,1
DA:23,1
DA:24,1
DA:25,1
DA:26,1
DA:27,1
DA:28,1
DA:29,1
DA:30,1
LF:30
LH:30
BRDA:18,0,0,1
BRDA:24,1,0,0
BRDA:24,2,0,1
BRF:3
BRH:2
end_of_record
TN:
SF:src\slices\isLoggedInSlice.ts
FN:33,extraReducers
FNF:1
FNH:1
FNDA:2,extraReducers
DA:1,1
DA:2,1
DA:3,1
DA:4,1
DA:5,1
DA:6,1
DA:7,1
DA:8,1
DA:9,1
DA:10,1
DA:11,1
DA:12,1
DA:13,1
DA:14,1
DA:15,1
DA:16,1
DA:17,1
DA:18,1
DA:19,4
DA:20,4
DA:21,4
DA:22,2
DA:23,2
DA:24,2
DA:25,4
DA:26,4
DA:27,1
DA:28,1
DA:29,1
DA:30,1
DA:31,1
DA:32,1
DA:33,1
DA:34,2
DA:35,2
DA:36,4
DA:37,2
DA:38,2
DA:39,2
DA:40,2
DA:41,3
DA:42,3
DA:43,3
DA:44,2
DA:45,2
DA:46,1
DA:47,1
DA:48,1
DA:49,2
DA:50,2
DA:51,1
DA:52,1
DA:53,1
LF:53
LH:53
BRDA:18,0,0,4
BRDA:18,1,0,4
BRDA:21,2,0,2
BRDA:33,3,0,2
BRDA:35,4,0,4
BRDA:40,5,0,3
BRDA:45,6,0,1
BRDA:48,7,0,0
BRF:8
BRH:7
end_of_record
TN:
SF:src\slices\loginUserSlice.ts
FN:35,resetLoginState
FN:39,extraReducers
FNF:2
FNH:2
FNDA:1,resetLoginState
FNDA:2,extraReducers
DA:1,1
DA:2,1
DA:3,1
DA:4,1
DA:5,1
DA:6,1
DA:7,1
DA:8,1
DA:9,1
DA:10,1
DA:11,1
DA:12,1
DA:13,1
DA:14,1
DA:15,1
DA:16,1
DA:17,1
DA:18,1
DA:19,1
DA:20,1
DA:21,4
DA:22,4
DA:23,2
DA:24,2
DA:25,2
DA:26,2
DA:27,0
DA:28,4
DA:29,1
DA:30,1
DA:31,1
DA:32,1
DA:33,1
DA:34,1
DA:35,1
DA:36,1
DA:37,1
DA:38,1
DA:39,1
DA:40,2
DA:41,2
DA:42,4
DA:43,4
DA:44,2
DA:45,2
DA:46,2
DA:47,2
DA:48,2
DA:49,2
DA:50,1
DA:51,1
DA:52,2
DA:53,2
DA:54,1
DA:55,1
DA:56,1
DA:57,1
LF:57
LH:56
BRDA:20,0,0,4
BRDA:20,1,0,4
BRDA:21,2,0,4
BRDA:22,3,0,2
BRDA:22,4,0,2
BRDA:27,5,0,0
BRDA:35,6,0,1
BRDA:39,7,0,2
BRDA:41,8,0,4
BRDA:45,9,0,2
BRDA:49,10,0,1
BRDA:51,11,0,0
BRF:12
BRH:10
end_of_record
TN:
SF:src\slices\logoutSlice.ts
FN:29,extraReducers
FNF:1
FNH:1
FNDA:2,extraReducers
DA:1,1
DA:2,1
DA:3,1
DA:4,1
DA:5,1
DA:6,1
DA:7,1
DA:8,1
DA:9,1
DA:10,1
DA:11,1
DA:12,1
DA:13,1
DA:14,1
DA:15,1
DA:16,1
DA:17,1
DA:18,3
DA:19,3
DA:20,3
DA:21,3
DA:22,3
DA:23,1
DA:24,1
DA:25,1
DA:26,1
DA:27,1
DA:28,1
DA:29,1
DA:30,2
DA:31,2
DA:32,3
DA:33,3
DA:34,2
DA:35,2
DA:36,1
DA:37,2
DA:38,2
DA:39,1
DA:40,1
DA:41,2
DA:42,2
DA:43,1
DA:44,1
DA:45,1
LF:45
LH:45
BRDA:17,0,0,3
BRDA:17,1,0,3
BRDA:18,2,0,3
BRDA:29,3,0,2
BRDA:31,4,0,3
BRDA:35,5,0,1
BRDA:38,6,0,1
BRDA:40,7,0,0
BRF:8
BRH:7
end_of_record
TN:
SF:src\slices\orderNumberSlice.ts
FN:29,extraReducers
FNF:1
FNH:1
FNDA:2,extraReducers
DA:1,1
DA:2,1
DA:3,1
DA:4,1
DA:5,1
DA:6,1
DA:7,1
DA:8,1
DA:9,1
DA:10,1
DA:11,1
DA:12,1
DA:13,1
DA:14,1
DA:15,1
DA:16,1
DA:17,1
DA:18,1
DA:19,1
DA:20,3
DA:21,3
DA:22,3
DA:23,1
DA:24,1
DA:25,1
DA:26,1
DA:27,1
DA:28,1
DA:29,1
DA:30,2
DA:31,2
DA:32,3
DA:33,3
DA:34,2
DA:35,2
DA:36,1
DA:37,1
DA:38,2
DA:39,2
DA:40,1
DA:41,1
DA:42,2
DA:43,2
DA:44,1
DA:45,1
DA:46,1
LF:46
LH:46
BRDA:19,0,0,3
BRDA:19,1,0,3
BRDA:20,2,0,3
BRDA:29,3,0,2
BRDA:31,4,0,3
BRDA:35,5,0,1
BRDA:39,6,0,1
BRDA:41,7,0,0
BRF:8
BRH:7
end_of_record
TN:
SF:src\slices\orderSlice.ts
FN:29,handleOrderClick
FN:32,resetOrder
FN:38,extraReducers
FNF:3
FNH:3
FNDA:2,handleOrderClick
FNDA:1,resetOrder
FNDA:2,extraReducers
DA:1,1
DA:2,1
DA:3,1
DA:4,1
DA:5,1
DA:6,1
DA:7,1
DA:8,1
DA:9,1
DA:10,1
DA:11,1
DA:12,1
DA:13,1
DA:14,1
DA:15,1
DA:16,1
DA:17,1
DA:18,1
DA:19,1
DA:20,4
DA:21,4
DA:22,4
DA:23,1
DA:24,1
DA:25,1
DA:26,1
DA:27,1
DA:28,1
DA:29,1
DA:30,2
DA:31,1
DA:32,1
DA:33,1
DA:34,1
DA:35,1
DA:36,1
DA:37,1
DA:38,1
DA:39,2
DA:40,2
DA:41,4
DA:42,4
DA:43,2
DA:44,2
DA:45,1
DA:46,1
DA:47,2
DA:48,2
DA:49,2
DA:50,2
DA:51,2
DA:52,2
DA:53,1
DA:54,1
DA:55,1
DA:56,1
LF:56
LH:56
BRDA:19,0,0,4
BRDA:19,1,0,4
BRDA:20,2,0,4
BRDA:29,3,0,2
BRDA:32,4,0,1
BRDA:38,5,0,2
BRDA:40,6,0,4
BRDA:44,7,0,1
BRDA:48,8,0,2
BRDA:50,9,0,0
BRF:10
BRH:9
end_of_record
TN:
SF:src\slices\ordersProfileSlice.ts
FN:29,extraReducers
FNF:1
FNH:1
FNDA:2,extraReducers
DA:1,1
DA:2,1
DA:3,1
DA:4,1
DA:5,1
DA:6,1
DA:7,1
DA:8,1
DA:9,1
DA:10,1
DA:11,1
DA:12,1
DA:13,1
DA:14,1
DA:15,1
DA:16,1
DA:17,1
DA:18,1
DA:19,1
DA:20,3
DA:21,3
DA:22,3
DA:23,1
DA:24,1
DA:25,1
DA:26,1
DA:27,1
DA:28,1
DA:29,1
DA:30,2
DA:31,2
DA:32,3
DA:33,2
DA:34,2
DA:35,1
DA:36,1
DA:37,2
DA:38,2
DA:39,1
DA:40,1
DA:41,2
DA:42,2
DA:43,1
DA:44,1
DA:45,1
LF:45
LH:45
BRDA:19,0,0,3
BRDA:19,1,0,3
BRDA:20,2,0,3
BRDA:29,3,0,2
BRDA:31,4,0,3
BRDA:34,5,0,1
BRDA:38,6,0,1
BRDA:40,7,0,0
BRF:8
BRH:7
end_of_record
TN:
SF:src\slices\profileModalSlice.ts
FN:18,selectOrderByNumber
FNF:1
FNH:1
FNDA:1,selectOrderByNumber
DA:1,1
DA:2,1
DA:3,1
DA:4,1
DA:5,1
DA:6,1
DA:7,1
DA:8,1
DA:9,1
DA:10,1
DA:11,1
DA:12,1
DA:13,1
DA:14,1
DA:15,1
DA:16,1
DA:17,1
DA:18,1
DA:19,1
DA:20,1
DA:21,1
DA:22,1
DA:23,1
DA:24,1
DA:25,1
DA:26,1
DA:27,1
DA:28,1
DA:29,1
DA:30,1
DA:31,1
DA:32,1
LF:32
LH:32
BRDA:18,0,0,1
BRDA:26,1,0,0
BRDA:26,2,0,1
BRF:3
BRH:2
end_of_record
TN:
SF:src\slices\profileSlice.ts
FN:31,extraReducers
FNF:1
FNH:1
FNDA:2,extraReducers
DA:1,1
DA:2,1
DA:3,1
DA:4,1
DA:5,1
DA:6,1
DA:7,1
DA:8,1
DA:9,1
DA:10,1
DA:11,1
DA:12,1
DA:13,1
DA:14,1
DA:15,1
DA:16,1
DA:17,1
DA:18,1
DA:19,1
DA:20,1
DA:21,1
DA:22,1
DA:23,3
DA:24,3
DA:25,1
DA:26,1
DA:27,1
DA:28,1
DA:29,1
DA:30,1
DA:31,1
DA:32,2
DA:33,2
DA:34,3
DA:35,3
DA:36,2
DA:37,2
DA:38,1
DA:39,1
DA:40,1
DA:41,2
DA:42,2
DA:43,1
DA:44,1
DA:45,2
DA:46,2
DA:47,1
DA:48,1
DA:49,1
LF:49
LH:49
BRDA:22,0,0,3
BRDA:22,1,0,3
BRDA:23,2,0,3
BRDA:31,3,0,2
BRDA:33,4,0,3
BRDA:37,5,0,1
BRDA:42,6,0,1
BRDA:44,7,0,0
BRF:8
BRH:7
end_of_record
TN:
SF:src\slices\registerSlice.ts
FN:35,resetRegisState
FN:39,extraReducers
FNF:2
FNH:2
FNDA:1,resetRegisState
FNDA:2,extraReducers
DA:1,1
DA:2,1
DA:3,1
DA:4,1
DA:5,1
DA:6,1
DA:7,1
DA:8,1
DA:9,1
DA:10,1
DA:11,1
DA:12,1
DA:13,1
DA:14,1
DA:15,1
DA:16,1
DA:17,1
DA:18,1
DA:19,1
DA:20,1
DA:21,4
DA:22,4
DA:23,2
DA:24,2
DA:25,2
DA:26,2
DA:27,0
DA:28,4
DA:29,1
DA:30,1
DA:31,1
DA:32,1
DA:33,1
DA:34,1
DA:35,1
DA:36,1
DA:37,1
DA:38,1
DA:39,1
DA:40,2
DA:41,2
DA:42,4
DA:43,4
DA:44,2
DA:45,2
DA:46,2
DA:47,2
DA:48,2
DA:49,2
DA:50,1
DA:51,1
DA:52,2
DA:53,2
DA:54,1
DA:55,1
DA:56,1
DA:57,1
LF:57
LH:56
BRDA:20,0,0,4
BRDA:20,1,0,4
BRDA:21,2,0,4
BRDA:22,3,0,2
BRDA:22,4,0,2
BRDA:27,5,0,0
BRDA:35,6,0,1
BRDA:39,7,0,2
BRDA:41,8,0,4
BRDA:45,9,0,2
BRDA:49,10,0,1
BRDA:51,11,0,0
BRF:12
BRH:10
end_of_record
TN:
SF:src\utils\burger-api.ts
FN:6,checkResponse
FN:17,refreshToken
FN:37,fetchWithRefresh
FN:73,getIngredientsApi
FN:81,getFeedsApi
FN:89,getOrdersApi
FN:106,orderBurgerApi
FN:125,getOrderByNumberApi
FN:145,registerUserApi
FN:164,loginUserApi
FN:178,forgotPasswordApi
FN:192,resetPasswordApi
FN:208,getUserApi
FN:215,updateUserApi
FN:225,logoutApi
FNF:15
FNH:12
FNDA:14,checkResponse
FNDA:2,refreshToken
FNDA:7,fetchWithRefresh
FNDA:6,getIngredientsApi
FNDA:3,getFeedsApi
FNDA:3,getOrdersApi
FNDA:4,orderBurgerApi
FNDA:3,getOrderByNumberApi
FNDA:4,registerUserApi
FNDA:4,loginUserApi
FNDA:0,forgotPasswordApi
FNDA:0,resetPasswordApi
FNDA:3,getUserApi
FNDA:0,updateUserApi
FNDA:3,logoutApi
DA:1,1
DA:2,1
DA:3,1
DA:4,1
DA:5,1
DA:6,1
DA:7,14
DA:8,1
DA:9,1
DA:10,1
DA:11,1
DA:12,1
DA:13,1
DA:14,1
DA:15,1
DA:16,1
DA:17,1
DA:18,2
DA:19,2
DA:20,2
DA:21,2
DA:22,2
DA:23,2
DA:24,2
DA:25,2
DA:26,2
DA:27,2
DA:28,2
DA:29,1
DA:30,0
DA:31,0
DA:32,1
DA:33,1
DA:34,1
DA:35,2
DA:36,1
DA:37,1
DA:38,7
DA:39,7
DA:40,7
DA:41,7
DA:42,7
DA:43,7
DA:44,7
DA:45,7
DA:46,0
DA:47,7
DA:48,7
DA:49,7
DA:50,7
DA:51,7
DA:52,7
DA:53,7
DA:54,7
DA:55,7
DA:56,7
DA:57,7
DA:58,1
DA:59,1
DA:60,1
DA:61,1
DA:62,1
DA:63,1
DA:64,1
DA:65,1
DA:66,1
DA:67,1
DA:68,1
DA:69,1
DA:70,1
DA:71,1
DA:72,1
DA:73,1
DA:74,6
DA:75,6
DA:76,6
DA:77,2
DA:78,0
DA:79,6
DA:80,1
DA:81,1
DA:82,3
DA:83,3
DA:84,3
DA:85,1
DA:86,0
DA:87,3
DA:88,1
DA:89,1
DA:90,3
DA:91,3
DA:92,3
DA:93,3
DA:94,3
DA:95,3
DA:96,3
DA:97,1
DA:98,0
DA:99,3
DA:100,1
DA:101,1
DA:102,1
DA:103,1
DA:104,1
DA:105,1
DA:106,1
DA:107,4
DA:108,4
DA:109,4
DA:110,4
DA:111,4
DA:112,4
DA:113,4
DA:114,4
DA:115,4
DA:116,4
DA:117,1
DA:118,0
DA:119,4
DA:120,1
DA:121,1
DA:122,1
DA:123,1
DA:124,1
DA:125,1
DA:126,3
DA:127,3
DA:128,3
DA:129,3
DA:130,3
DA:131,3
DA:132,1
DA:133,1
DA:134,1
DA:135,1
DA:136,1
DA:137,1
DA:138,1
DA:139,1
DA:140,1
DA:141,1
DA:142,1
DA:143,1
DA:144,1
DA:145,1
DA:146,4
DA:147,4
DA:148,4
DA:149,4
DA:150,4
DA:151,4
DA:152,4
DA:153,4
DA:154,4
DA:155,2
DA:156,0
DA:157,4
DA:158,1
DA:159,1
DA:160,1
DA:161,1
DA:162,1
DA:163,1
DA:164,1
DA:165,4
DA:166,4
DA:167,4
DA:168,4
DA:169,4
DA:170,4
DA:171,4
DA:172,4
DA:173,4
DA:174,2
DA:175,0
DA:176,4
DA:177,1
DA:178,1
DA:179,0
DA:180,0
DA:181,0
DA:182,0
DA:183,0
DA:184,0
DA:185,0
DA:186,0
DA:187,0
DA:188,0
DA:189,0
DA:190,0
DA:191,1
DA:192,1
DA:193,0
DA:194,0
DA:195,0
DA:196,0
DA:197,0
DA:198,0
DA:199,0
DA:200,0
DA:201,0
DA:202,0
DA:203,0
DA:204,0
DA:205,1
DA:206,1
DA:207,1
DA:208,1
DA:209,3
DA:210,3
DA:211,3
DA:212,3
DA:213,3
DA:214,1
DA:215,1
DA:216,0
DA:217,0
DA:218,0
DA:219,0
DA:220,0
DA:221,0
DA:222,0
DA:223,0
DA:224,1
DA:225,1
DA:226,3
DA:227,3
DA:228,3
DA:229,3
DA:230,3
DA:231,3
DA:232,3
DA:233,3
DA:234,3
LF:234
LH:193
BRDA:6,0,0,14
BRDA:7,1,0,7
BRDA:7,2,0,6
BRDA:7,3,0,6
BRDA:17,4,0,2
BRDA:27,5,0,2
BRDA:28,6,0,1
BRDA:29,7,0,0
BRDA:37,8,0,7
BRDA:40,9,0,7
BRDA:43,10,0,4
BRDA:45,11,0,0
BRDA:52,12,0,0
BRDA:54,13,0,3
BRDA:73,14,0,6
BRDA:75,15,0,4
BRDA:76,16,0,2
BRDA:77,17,0,0
BRDA:78,18,0,0
BRDA:81,19,0,3
BRDA:83,20,0,2
BRDA:84,21,0,1
BRDA:85,22,0,0
BRDA:86,23,0,0
BRDA:89,24,0,3
BRDA:96,25,0,1
BRDA:97,26,0,0
BRDA:98,27,0,0
BRDA:106,28,0,4
BRDA:116,29,0,1
BRDA:117,30,0,0
BRDA:118,31,0,0
BRDA:125,32,0,3
BRDA:131,33,0,2
BRDA:145,34,0,4
BRDA:153,35,0,3
BRDA:154,36,0,2
BRDA:155,37,0,0
BRDA:156,38,0,0
BRDA:164,39,0,4
BRDA:172,40,0,3
BRDA:173,41,0,2
BRDA:174,42,0,0
BRDA:175,43,0,0
BRDA:208,44,0,3
BRDA:225,45,0,3
BRDA:234,46,0,2
BRF:47
BRH:32
end_of_record
TN:
SF:src\utils\cookie.ts
FN:1,getCookie
FN:13,setCookie
FN:45,deleteCookie
FNF:3
FNH:3
FNDA:7,getCookie
FNDA:6,setCookie
FNDA:1,deleteCookie
DA:1,7
DA:2,7
DA:3,7
DA:4,7
DA:5,7
DA:6,7
DA:7,7
DA:8,7
DA:9,7
DA:10,7
DA:11,7
DA:12,1
DA:13,6
DA:14,6
DA:15,6
DA:16,6
DA:17,6
DA:18,6
DA:19,6
DA:20,6
DA:21,6
DA:22,6
DA:23,6
DA:24,6
DA:25,1
DA:26,1
DA:27,1
DA:28,1
DA:29,6
DA:30,6
DA:31,1
DA:32,1
DA:33,6
DA:34,6
DA:35,6
DA:36,7
DA:37,7
DA:38,7
DA:39,7
DA:40,7
DA:41,7
DA:42,6
DA:43,6
DA:44,1
DA:45,1
DA:46,1
DA:47,1
LF:47
LH:47
BRDA:1,0,0,7
BRDA:10,1,0,0
BRDA:13,2,0,6
BRDA:16,3,0,5
BRDA:24,4,0,1
BRDA:24,5,0,1
BRDA:30,6,0,1
BRDA:30,7,0,1
BRDA:35,8,0,7
BRDA:45,9,0,1
BRF:10
BRH:9
end_of_record
